{"level":"error","message":"Proxy error: ","service":"api-gateway","timestamp":"2025-07-05T09:27:21.539Z"}
{"level":"error","message":"Proxy error: ","service":"api-gateway","timestamp":"2025-07-05T09:33:57.832Z"}
{"level":"error","message":"Proxy error: ","service":"api-gateway","timestamp":"2025-07-07T15:14:29.426Z"}
{"level":"error","message":"Proxy error: ","service":"api-gateway","timestamp":"2025-07-10T06:23:33.591Z"}
{"level":"error","message":"TypeError: Cannot read properties of undefined (reading 'split')\n    at validateToken (C:\\Node Microservices\\SOCIAL-MEDIA-MICROSERVICES\\api-gateway\\src\\middlewares\\authMiddleware.js:6:28)\n    at Layer.handleRequest (C:\\Node Microservices\\SOCIAL-MEDIA-MICROSERVICES\\api-gateway\\node_modules\\router\\lib\\layer.js:152:17)\n    at trimPrefix (C:\\Node Microservices\\SOCIAL-MEDIA-MICROSERVICES\\api-gateway\\node_modules\\router\\index.js:342:13)\n    at C:\\Node Microservices\\SOCIAL-MEDIA-MICROSERVICES\\api-gateway\\node_modules\\router\\index.js:297:9\n    at processParams (C:\\Node Microservices\\SOCIAL-MEDIA-MICROSERVICES\\api-gateway\\node_modules\\router\\index.js:582:12)\n    at next (C:\\Node Microservices\\SOCIAL-MEDIA-MICROSERVICES\\api-gateway\\node_modules\\router\\index.js:291:5)\n    at C:\\Node Microservices\\SOCIAL-MEDIA-MICROSERVICES\\api-gateway\\src\\server.js:40:3\n    at Layer.handleRequest (C:\\Node Microservices\\SOCIAL-MEDIA-MICROSERVICES\\api-gateway\\node_modules\\router\\lib\\layer.js:152:17)\n    at trimPrefix (C:\\Node Microservices\\SOCIAL-MEDIA-MICROSERVICES\\api-gateway\\node_modules\\router\\index.js:342:13)\n    at C:\\Node Microservices\\SOCIAL-MEDIA-MICROSERVICES\\api-gateway\\node_modules\\router\\index.js:297:9","service":"api-gateway","timestamp":"2025-07-10T06:27:45.594Z"}
{"level":"error","message":"Proxy error: ","service":"api-gateway","timestamp":"2025-07-10T06:36:07.947Z"}
{"level":"error","message":"Proxy error: ","service":"api-gateway","timestamp":"2025-07-10T06:37:48.699Z"}
{"level":"error","message":"Proxy error: ","service":"api-gateway","timestamp":"2025-07-10T06:38:01.364Z"}
{"level":"error","message":"SyntaxError: Expected double-quoted property name in JSON at position 33 (line 3 column 1)\n    at JSON.parse (<anonymous>)\n    at parse (C:\\Node Microservices\\SOCIAL-MEDIA-MICROSERVICES\\api-gateway\\node_modules\\body-parser\\lib\\types\\json.js:77:19)\n    at C:\\Node Microservices\\SOCIAL-MEDIA-MICROSERVICES\\api-gateway\\node_modules\\body-parser\\lib\\read.js:123:18\n    at AsyncResource.runInAsyncScope (node:async_hooks:211:14)\n    at invokeCallback (C:\\Node Microservices\\SOCIAL-MEDIA-MICROSERVICES\\api-gateway\\node_modules\\raw-body\\index.js:238:16)\n    at done (C:\\Node Microservices\\SOCIAL-MEDIA-MICROSERVICES\\api-gateway\\node_modules\\raw-body\\index.js:227:7)\n    at IncomingMessage.onEnd (C:\\Node Microservices\\SOCIAL-MEDIA-MICROSERVICES\\api-gateway\\node_modules\\raw-body\\index.js:287:7)\n    at IncomingMessage.emit (node:events:518:28)\n    at endReadableNT (node:internal/streams/readable:1698:12)\n    at process.processTicksAndRejections (node:internal/process/task_queues:90:21)","service":"api-gateway","timestamp":"2025-07-10T06:38:35.516Z"}
{"level":"error","message":"Proxy error: ","service":"api-gateway","timestamp":"2025-07-10T06:38:57.175Z"}
{"level":"error","message":"Proxy error: ","service":"api-gateway","timestamp":"2025-07-10T06:44:08.611Z"}
{"level":"error","message":"SyntaxError: Expected double-quoted property name in JSON at position 33 (line 3 column 1)\n    at JSON.parse (<anonymous>)\n    at parse (C:\\Node Microservices\\SOCIAL-MEDIA-MICROSERVICES\\api-gateway\\node_modules\\body-parser\\lib\\types\\json.js:77:19)\n    at C:\\Node Microservices\\SOCIAL-MEDIA-MICROSERVICES\\api-gateway\\node_modules\\body-parser\\lib\\read.js:123:18\n    at AsyncResource.runInAsyncScope (node:async_hooks:211:14)\n    at invokeCallback (C:\\Node Microservices\\SOCIAL-MEDIA-MICROSERVICES\\api-gateway\\node_modules\\raw-body\\index.js:238:16)\n    at done (C:\\Node Microservices\\SOCIAL-MEDIA-MICROSERVICES\\api-gateway\\node_modules\\raw-body\\index.js:227:7)\n    at IncomingMessage.onEnd (C:\\Node Microservices\\SOCIAL-MEDIA-MICROSERVICES\\api-gateway\\node_modules\\raw-body\\index.js:287:7)\n    at IncomingMessage.emit (node:events:518:28)\n    at endReadableNT (node:internal/streams/readable:1698:12)\n    at process.processTicksAndRejections (node:internal/process/task_queues:90:21)","service":"api-gateway","timestamp":"2025-07-10T07:05:15.157Z"}
{"level":"error","message":"Proxy error: ","service":"api-gateway","timestamp":"2025-07-10T11:23:39.034Z"}
{"level":"error","message":"Proxy error: ","service":"api-gateway","timestamp":"2025-07-20T08:05:47.724Z"}
{"level":"error","message":"Proxy error: ","service":"api-gateway","timestamp":"2025-07-20T08:06:04.136Z"}
{"level":"error","message":"Proxy error: getaddrinfo ENOTFOUND 3001","service":"api-gateway","timestamp":"2025-07-22T05:46:32.503Z"}
{"level":"error","message":"Proxy error: read ECONNRESET","service":"api-gateway","timestamp":"2025-07-22T05:54:27.809Z"}
{"level":"error","message":"Proxy error: read ECONNRESET","service":"api-gateway","timestamp":"2025-07-22T05:54:35.224Z"}
{"level":"error","message":"Proxy error: ","service":"api-gateway","timestamp":"2025-07-25T11:35:25.526Z"}
{"level":"error","message":"Proxy error: ","service":"api-gateway","timestamp":"2025-07-26T06:41:45.472Z"}
{"level":"error","message":"Proxy error: ","service":"api-gateway","timestamp":"2025-07-26T06:43:21.530Z"}
