{"level":"info","message":"Identity service running on port: http://localhost:3003","service":"identity-service","timestamp":"2025-07-17T06:42:21.659Z"}
{"level":"info","message":"MongoDB Connected successfully","service":"identity-service","timestamp":"2025-07-17T06:42:23.163Z"}
{"0":"r","1":"e","2":"a","3":"s","4":"o","5":"n","6":":","level":"error","message":"Unhandled regection at ","service":"identity-service","timestamp":"2025-07-17T06:42:32.326Z"}
{"0":"r","1":"e","2":"a","3":"s","4":"o","5":"n","6":":","level":"error","message":"Unhandled regection at ","service":"identity-service","timestamp":"2025-07-17T06:42:32.327Z"}
{"level":"info","message":"Identity service running on port: http://localhost:3003","service":"identity-service","timestamp":"2025-07-17T06:42:36.985Z"}
{"level":"info","message":"MongoDB Connected successfully","service":"identity-service","timestamp":"2025-07-17T06:42:37.804Z"}
{"0":"r","1":"e","2":"a","3":"s","4":"o","5":"n","6":":","level":"error","message":"Unhandled regection at ","service":"identity-service","timestamp":"2025-07-17T06:42:47.648Z"}
{"0":"r","1":"e","2":"a","3":"s","4":"o","5":"n","6":":","level":"error","message":"Unhandled regection at ","service":"identity-service","timestamp":"2025-07-17T06:42:47.649Z"}
{"level":"info","message":"Identity service running on port: http://localhost:3003","service":"identity-service","timestamp":"2025-07-17T06:54:17.869Z"}
{"level":"info","message":"MongoDB Connected successfully","service":"identity-service","timestamp":"2025-07-17T06:54:18.943Z"}
{"level":"info","message":"Received POST request to /api/media/upload ","service":"identity-service","timestamp":"2025-07-17T07:13:37.004Z"}
{"level":"info","message":"Request body undefined","service":"identity-service","timestamp":"2025-07-17T07:13:37.005Z"}
{"level":"error","message":"Some unkown error occured Multipart: Boundary not found","service":"identity-service","stack":"Error: Multipart: Boundary not found\n    at new Multipart (C:\\Node Microservices\\SOCIAL-MEDIA-MICROSERVICES\\media-service\\node_modules\\busboy\\lib\\types\\multipart.js:233:13)\n    at getInstance (C:\\Node Microservices\\SOCIAL-MEDIA-MICROSERVICES\\media-service\\node_modules\\busboy\\lib\\index.js:33:12)\n    at module.exports (C:\\Node Microservices\\SOCIAL-MEDIA-MICROSERVICES\\media-service\\node_modules\\busboy\\lib\\index.js:56:10)\n    at multerMiddleware (C:\\Node Microservices\\SOCIAL-MEDIA-MICROSERVICES\\media-service\\node_modules\\multer\\lib\\make-middleware.js:38:16)\n    at C:\\Node Microservices\\SOCIAL-MEDIA-MICROSERVICES\\media-service\\src\\routes\\media-routes.js:19:5\n    at Layer.handleRequest (C:\\Node Microservices\\SOCIAL-MEDIA-MICROSERVICES\\media-service\\node_modules\\router\\lib\\layer.js:152:17)\n    at next (C:\\Node Microservices\\SOCIAL-MEDIA-MICROSERVICES\\media-service\\node_modules\\router\\lib\\route.js:157:13)\n    at Route.dispatch (C:\\Node Microservices\\SOCIAL-MEDIA-MICROSERVICES\\media-service\\node_modules\\router\\lib\\route.js:117:3)\n    at handle (C:\\Node Microservices\\SOCIAL-MEDIA-MICROSERVICES\\media-service\\node_modules\\router\\index.js:435:11)\n    at Layer.handleRequest (C:\\Node Microservices\\SOCIAL-MEDIA-MICROSERVICES\\media-service\\node_modules\\router\\lib\\layer.js:152:17)","timestamp":"2025-07-17T07:13:37.010Z"}
{"level":"info","message":"Received POST request to /api/media/upload ","service":"identity-service","timestamp":"2025-07-17T07:14:22.890Z"}
{"level":"info","message":"Request body undefined","service":"identity-service","timestamp":"2025-07-17T07:14:22.890Z"}
{"level":"info","message":"upload media endpoint hit","service":"identity-service","timestamp":"2025-07-17T07:14:22.896Z"}
{"level":"error","message":"Error while Uploading a media  Cannot read properties of undefined (reading 'userId')","service":"identity-service","stack":"TypeError: Cannot read properties of undefined (reading 'userId')\n    at uploadMedia (C:\\Node Microservices\\SOCIAL-MEDIA-MICROSERVICES\\media-service\\src\\controller\\mediaController.js:16:29)\n    at Layer.handleRequest (C:\\Node Microservices\\SOCIAL-MEDIA-MICROSERVICES\\media-service\\node_modules\\router\\lib\\layer.js:152:17)\n    at next (C:\\Node Microservices\\SOCIAL-MEDIA-MICROSERVICES\\media-service\\node_modules\\router\\lib\\route.js:157:13)\n    at C:\\Node Microservices\\SOCIAL-MEDIA-MICROSERVICES\\media-service\\src\\routes\\media-routes.js:41:9\n    at done (C:\\Node Microservices\\SOCIAL-MEDIA-MICROSERVICES\\media-service\\node_modules\\multer\\lib\\make-middleware.js:59:7)\n    at indicateDone (C:\\Node Microservices\\SOCIAL-MEDIA-MICROSERVICES\\media-service\\node_modules\\multer\\lib\\make-middleware.js:63:68)\n    at Multipart.<anonymous> (C:\\Node Microservices\\SOCIAL-MEDIA-MICROSERVICES\\media-service\\node_modules\\multer\\lib\\make-middleware.js:182:7)\n    at Multipart.emit (node:events:518:28)\n    at emitCloseNT (node:internal/streams/destroy:148:10)\n    at process.processTicksAndRejections (node:internal/process/task_queues:89:21)","timestamp":"2025-07-17T07:14:22.897Z"}
{"level":"info","message":"Received POST request to /api/media/upload ","service":"identity-service","timestamp":"2025-07-17T07:17:20.407Z"}
{"level":"info","message":"Request body undefined","service":"identity-service","timestamp":"2025-07-17T07:17:20.407Z"}
{"level":"info","message":"upload media endpoint hit","service":"identity-service","timestamp":"2025-07-17T07:17:20.409Z"}
{"level":"error","message":"Error while Uploading a media  Cannot read properties of undefined (reading 'userId')","service":"identity-service","stack":"TypeError: Cannot read properties of undefined (reading 'userId')\n    at uploadMedia (C:\\Node Microservices\\SOCIAL-MEDIA-MICROSERVICES\\media-service\\src\\controller\\mediaController.js:16:29)\n    at Layer.handleRequest (C:\\Node Microservices\\SOCIAL-MEDIA-MICROSERVICES\\media-service\\node_modules\\router\\lib\\layer.js:152:17)\n    at next (C:\\Node Microservices\\SOCIAL-MEDIA-MICROSERVICES\\media-service\\node_modules\\router\\lib\\route.js:157:13)\n    at C:\\Node Microservices\\SOCIAL-MEDIA-MICROSERVICES\\media-service\\src\\routes\\media-routes.js:41:9\n    at done (C:\\Node Microservices\\SOCIAL-MEDIA-MICROSERVICES\\media-service\\node_modules\\multer\\lib\\make-middleware.js:59:7)\n    at indicateDone (C:\\Node Microservices\\SOCIAL-MEDIA-MICROSERVICES\\media-service\\node_modules\\multer\\lib\\make-middleware.js:63:68)\n    at Multipart.<anonymous> (C:\\Node Microservices\\SOCIAL-MEDIA-MICROSERVICES\\media-service\\node_modules\\multer\\lib\\make-middleware.js:182:7)\n    at Multipart.emit (node:events:518:28)\n    at emitCloseNT (node:internal/streams/destroy:148:10)\n    at process.processTicksAndRejections (node:internal/process/task_queues:89:21)","timestamp":"2025-07-17T07:17:20.410Z"}
{"level":"info","message":"Received POST request to /api/media/upload ","service":"identity-service","timestamp":"2025-07-17T07:17:40.260Z"}
{"level":"info","message":"Request body undefined","service":"identity-service","timestamp":"2025-07-17T07:17:40.260Z"}
{"level":"info","message":"upload media endpoint hit","service":"identity-service","timestamp":"2025-07-17T07:17:40.264Z"}
{"level":"error","message":"Error while Uploading a media  Cannot read properties of undefined (reading 'userId')","service":"identity-service","stack":"TypeError: Cannot read properties of undefined (reading 'userId')\n    at uploadMedia (C:\\Node Microservices\\SOCIAL-MEDIA-MICROSERVICES\\media-service\\src\\controller\\mediaController.js:16:29)\n    at Layer.handleRequest (C:\\Node Microservices\\SOCIAL-MEDIA-MICROSERVICES\\media-service\\node_modules\\router\\lib\\layer.js:152:17)\n    at next (C:\\Node Microservices\\SOCIAL-MEDIA-MICROSERVICES\\media-service\\node_modules\\router\\lib\\route.js:157:13)\n    at C:\\Node Microservices\\SOCIAL-MEDIA-MICROSERVICES\\media-service\\src\\routes\\media-routes.js:41:9\n    at done (C:\\Node Microservices\\SOCIAL-MEDIA-MICROSERVICES\\media-service\\node_modules\\multer\\lib\\make-middleware.js:59:7)\n    at indicateDone (C:\\Node Microservices\\SOCIAL-MEDIA-MICROSERVICES\\media-service\\node_modules\\multer\\lib\\make-middleware.js:63:68)\n    at Multipart.<anonymous> (C:\\Node Microservices\\SOCIAL-MEDIA-MICROSERVICES\\media-service\\node_modules\\multer\\lib\\make-middleware.js:182:7)\n    at Multipart.emit (node:events:518:28)\n    at emitCloseNT (node:internal/streams/destroy:148:10)\n    at process.processTicksAndRejections (node:internal/process/task_queues:89:21)","timestamp":"2025-07-17T07:17:40.264Z"}
{"level":"info","message":"Received POST request to /api/media/upload ","service":"identity-service","timestamp":"2025-07-17T07:19:13.652Z"}
{"level":"info","message":"Request body undefined","service":"identity-service","timestamp":"2025-07-17T07:19:13.653Z"}
{"level":"info","message":"upload media endpoint hit","service":"identity-service","timestamp":"2025-07-17T07:19:13.656Z"}
{"level":"error","message":"Error while Uploading a media  Cannot read properties of undefined (reading 'userId')","service":"identity-service","stack":"TypeError: Cannot read properties of undefined (reading 'userId')\n    at uploadMedia (C:\\Node Microservices\\SOCIAL-MEDIA-MICROSERVICES\\media-service\\src\\controller\\mediaController.js:16:29)\n    at Layer.handleRequest (C:\\Node Microservices\\SOCIAL-MEDIA-MICROSERVICES\\media-service\\node_modules\\router\\lib\\layer.js:152:17)\n    at next (C:\\Node Microservices\\SOCIAL-MEDIA-MICROSERVICES\\media-service\\node_modules\\router\\lib\\route.js:157:13)\n    at C:\\Node Microservices\\SOCIAL-MEDIA-MICROSERVICES\\media-service\\src\\routes\\media-routes.js:41:9\n    at done (C:\\Node Microservices\\SOCIAL-MEDIA-MICROSERVICES\\media-service\\node_modules\\multer\\lib\\make-middleware.js:59:7)\n    at indicateDone (C:\\Node Microservices\\SOCIAL-MEDIA-MICROSERVICES\\media-service\\node_modules\\multer\\lib\\make-middleware.js:63:68)\n    at Multipart.<anonymous> (C:\\Node Microservices\\SOCIAL-MEDIA-MICROSERVICES\\media-service\\node_modules\\multer\\lib\\make-middleware.js:182:7)\n    at Multipart.emit (node:events:518:28)\n    at emitCloseNT (node:internal/streams/destroy:148:10)\n    at process.processTicksAndRejections (node:internal/process/task_queues:89:21)","timestamp":"2025-07-17T07:19:13.657Z"}
{"level":"info","message":"Identity service running on port: http://localhost:3003","service":"identity-service","timestamp":"2025-07-17T07:38:13.884Z"}
{"level":"info","message":"MongoDB Connected successfully","service":"identity-service","timestamp":"2025-07-17T07:38:14.942Z"}
{"level":"info","message":"Received POST request to /api/media/upload ","service":"identity-service","timestamp":"2025-07-17T07:38:45.119Z"}
{"level":"info","message":"Request body undefined","service":"identity-service","timestamp":"2025-07-17T07:38:45.119Z"}
{"level":"info","message":"upload media endpoint hit","service":"identity-service","timestamp":"2025-07-17T07:38:45.130Z"}
{"level":"error","message":"Error while Uploading a media  Cannot destructure property 'userId' of 'req.user' as it is undefined.","service":"identity-service","stack":"TypeError: Cannot destructure property 'userId' of 'req.user' as it is undefined.\n    at uploadMedia (C:\\Node Microservices\\SOCIAL-MEDIA-MICROSERVICES\\media-service\\src\\controller\\mediaController.js:16:12)\n    at Layer.handleRequest (C:\\Node Microservices\\SOCIAL-MEDIA-MICROSERVICES\\media-service\\node_modules\\router\\lib\\layer.js:152:17)\n    at next (C:\\Node Microservices\\SOCIAL-MEDIA-MICROSERVICES\\media-service\\node_modules\\router\\lib\\route.js:157:13)\n    at C:\\Node Microservices\\SOCIAL-MEDIA-MICROSERVICES\\media-service\\src\\routes\\media-routes.js:41:9\n    at done (C:\\Node Microservices\\SOCIAL-MEDIA-MICROSERVICES\\media-service\\node_modules\\multer\\lib\\make-middleware.js:59:7)\n    at indicateDone (C:\\Node Microservices\\SOCIAL-MEDIA-MICROSERVICES\\media-service\\node_modules\\multer\\lib\\make-middleware.js:63:68)\n    at Multipart.<anonymous> (C:\\Node Microservices\\SOCIAL-MEDIA-MICROSERVICES\\media-service\\node_modules\\multer\\lib\\make-middleware.js:182:7)\n    at Multipart.emit (node:events:518:28)\n    at emitCloseNT (node:internal/streams/destroy:148:10)\n    at process.processTicksAndRejections (node:internal/process/task_queues:89:21)","timestamp":"2025-07-17T07:38:45.131Z"}
{"level":"info","message":"Identity service running on port: http://localhost:3003","service":"identity-service","timestamp":"2025-07-17T07:39:10.133Z"}
{"level":"info","message":"MongoDB Connected successfully","service":"identity-service","timestamp":"2025-07-17T07:39:10.915Z"}
{"level":"info","message":"Identity service running on port: http://localhost:3003","service":"identity-service","timestamp":"2025-07-17T07:40:55.145Z"}
{"level":"info","message":"MongoDB Connected successfully","service":"identity-service","timestamp":"2025-07-17T07:40:56.117Z"}
{"level":"info","message":"Received POST request to /api/media/upload ","service":"identity-service","timestamp":"2025-07-17T07:41:19.393Z"}
{"level":"info","message":"Request body undefined","service":"identity-service","timestamp":"2025-07-17T07:41:19.394Z"}
{"level":"info","message":"upload media endpoint hit","service":"identity-service","timestamp":"2025-07-17T07:41:19.403Z"}
{"level":"info","message":"File details: name:medha.jpg- type:image/jpeg","service":"identity-service","timestamp":"2025-07-17T07:41:19.404Z"}
{"level":"info","message":"uploading to cloudinary starting......","service":"identity-service","timestamp":"2025-07-17T07:41:19.404Z"}
{"level":"warn","message":"Error while uploading cloudinary","service":"identity-service","timestamp":"2025-07-17T07:41:23.784Z"}
{"0":"r","1":"e","2":"a","3":"s","4":"o","5":"n","6":":","exception":{"http_code":401,"message":"Invalid Signature d2b5fe9e696c7086c78a48478f1225358ebcf855. String to sign - 'timestamp=1752738079'.","name":"Error"},"http_code":401,"level":"error","message":"Invalid Signature d2b5fe9e696c7086c78a48478f1225358ebcf855. String to sign - 'timestamp=1752738079'.","name":"Error","service":"identity-service","timestamp":"2025-07-17T07:41:23.786Z"}
{"http_code":401,"level":"error","message":"Invalid Signature d2b5fe9e696c7086c78a48478f1225358ebcf855. String to sign - 'timestamp=1752738079'.","name":"Error","service":"identity-service","timestamp":"2025-07-17T07:41:23.786Z"}
{"level":"info","message":"Identity service running on port: http://localhost:3003","service":"identity-service","timestamp":"2025-07-17T07:45:38.577Z"}
{"level":"info","message":"MongoDB Connected successfully","service":"identity-service","timestamp":"2025-07-17T07:45:39.581Z"}
{"level":"info","message":"Received POST request to /api/media/upload ","service":"identity-service","timestamp":"2025-07-17T07:45:45.159Z"}
{"level":"info","message":"Request body undefined","service":"identity-service","timestamp":"2025-07-17T07:45:45.160Z"}
{"level":"info","message":"upload media endpoint hit","service":"identity-service","timestamp":"2025-07-17T07:45:45.171Z"}
{"level":"info","message":"File details: name:medha.jpg- type:image/jpeg","service":"identity-service","timestamp":"2025-07-17T07:45:45.172Z"}
{"level":"info","message":"uploading to cloudinary starting......","service":"identity-service","timestamp":"2025-07-17T07:45:45.172Z"}
{"level":"warn","message":"Error while uploading cloudinary","service":"identity-service","timestamp":"2025-07-17T07:45:47.592Z"}
{"0":"r","1":"e","2":"a","3":"s","4":"o","5":"n","6":":","exception":{"http_code":401,"message":"Invalid Signature eae78a575be044776af78264c48f923c8c428dbf. String to sign - 'timestamp=1752738345'.","name":"Error"},"http_code":401,"level":"error","message":"Invalid Signature eae78a575be044776af78264c48f923c8c428dbf. String to sign - 'timestamp=1752738345'.","name":"Error","service":"identity-service","timestamp":"2025-07-17T07:45:47.593Z"}
{"http_code":401,"level":"error","message":"Invalid Signature eae78a575be044776af78264c48f923c8c428dbf. String to sign - 'timestamp=1752738345'.","name":"Error","service":"identity-service","timestamp":"2025-07-17T07:45:47.594Z"}
{"level":"info","message":"Identity service running on port: http://localhost:3003","service":"identity-service","timestamp":"2025-07-17T07:49:32.311Z"}
{"level":"info","message":"MongoDB Connected successfully","service":"identity-service","timestamp":"2025-07-17T07:49:33.247Z"}
{"level":"info","message":"Received POST request to /api/media/upload ","service":"identity-service","timestamp":"2025-07-17T07:50:06.062Z"}
{"level":"info","message":"Request body undefined","service":"identity-service","timestamp":"2025-07-17T07:50:06.063Z"}
{"level":"info","message":"upload media endpoint hit","service":"identity-service","timestamp":"2025-07-17T07:50:06.077Z"}
{"level":"info","message":"File details: name:medha.jpg- type:image/jpeg","service":"identity-service","timestamp":"2025-07-17T07:50:06.077Z"}
{"level":"info","message":"uploading to cloudinary starting......","service":"identity-service","timestamp":"2025-07-17T07:50:06.078Z"}
{"level":"warn","message":"Error while uploading cloudinary","service":"identity-service","timestamp":"2025-07-17T07:50:08.776Z"}
{"0":"r","1":"e","2":"a","3":"s","4":"o","5":"n","6":":","exception":{"http_code":401,"message":"Invalid cloud_name MyKey","name":"Error"},"http_code":401,"level":"error","message":"Invalid cloud_name MyKey","name":"Error","service":"identity-service","timestamp":"2025-07-17T07:50:08.777Z"}
{"http_code":401,"level":"error","message":"Invalid cloud_name MyKey","name":"Error","service":"identity-service","timestamp":"2025-07-17T07:50:08.778Z"}
{"level":"info","message":"Identity service running on port: http://localhost:3003","service":"identity-service","timestamp":"2025-07-17T07:54:21.323Z"}
{"level":"info","message":"MongoDB Connected successfully","service":"identity-service","timestamp":"2025-07-17T07:54:22.663Z"}
{"level":"info","message":"Received POST request to /api/media/upload ","service":"identity-service","timestamp":"2025-07-17T07:54:43.766Z"}
{"level":"info","message":"Request body undefined","service":"identity-service","timestamp":"2025-07-17T07:54:43.767Z"}
{"level":"info","message":"upload media endpoint hit","service":"identity-service","timestamp":"2025-07-17T07:54:43.800Z"}
{"level":"info","message":"File details: name:medha.jpg- type:image/jpeg","service":"identity-service","timestamp":"2025-07-17T07:54:43.801Z"}
{"level":"info","message":"uploading to cloudinary starting......","service":"identity-service","timestamp":"2025-07-17T07:54:43.802Z"}
{"level":"warn","message":"Error while uploading cloudinary","service":"identity-service","timestamp":"2025-07-17T07:54:47.631Z"}
{"0":"r","1":"e","2":"a","3":"s","4":"o","5":"n","6":":","exception":{"http_code":401,"message":"Invalid cloud_name MyKey","name":"Error"},"http_code":401,"level":"error","message":"Invalid cloud_name MyKey","name":"Error","service":"identity-service","timestamp":"2025-07-17T07:54:47.633Z"}
{"http_code":401,"level":"error","message":"Invalid cloud_name MyKey","name":"Error","service":"identity-service","timestamp":"2025-07-17T07:54:47.633Z"}
{"level":"info","message":"Identity service running on port: http://localhost:3003","service":"identity-service","timestamp":"2025-07-17T07:55:01.258Z"}
{"level":"info","message":"MongoDB Connected successfully","service":"identity-service","timestamp":"2025-07-17T07:55:02.053Z"}
{"level":"info","message":"Received POST request to /api/media/upload ","service":"identity-service","timestamp":"2025-07-17T07:55:17.840Z"}
{"level":"info","message":"Request body undefined","service":"identity-service","timestamp":"2025-07-17T07:55:17.840Z"}
{"level":"info","message":"upload media endpoint hit","service":"identity-service","timestamp":"2025-07-17T07:55:17.851Z"}
{"level":"info","message":"File details: name:medha.jpg- type:image/jpeg","service":"identity-service","timestamp":"2025-07-17T07:55:17.851Z"}
{"level":"info","message":"uploading to cloudinary starting......","service":"identity-service","timestamp":"2025-07-17T07:55:17.851Z"}
{"level":"info","message":"Cloudinary upload successfull. Public Id: - wmt6oj67lgxwjzsonwy3","service":"identity-service","timestamp":"2025-07-17T07:55:21.225Z"}
{"level":"error","message":"Error while Uploading a media  userId is not defined","service":"identity-service","stack":"ReferenceError: userId is not defined\n    at uploadMedia (C:\\Node Microservices\\SOCIAL-MEDIA-MICROSERVICES\\media-service\\src\\controller\\mediaController.js:28:7)\n    at process.processTicksAndRejections (node:internal/process/task_queues:105:5)","timestamp":"2025-07-17T07:55:21.226Z"}
{"level":"info","message":"Identity service running on port: http://localhost:3003","service":"identity-service","timestamp":"2025-07-17T07:56:20.038Z"}
{"level":"info","message":"MongoDB Connected successfully","service":"identity-service","timestamp":"2025-07-17T07:56:20.928Z"}
{"level":"info","message":"Received POST request to /api/media/upload ","service":"identity-service","timestamp":"2025-07-17T07:56:42.504Z"}
{"level":"info","message":"Request body undefined","service":"identity-service","timestamp":"2025-07-17T07:56:42.505Z"}
{"level":"info","message":"upload media endpoint hit","service":"identity-service","timestamp":"2025-07-17T07:56:42.516Z"}
{"level":"info","message":"File details: name:medha.jpg- type:image/jpeg","service":"identity-service","timestamp":"2025-07-17T07:56:42.516Z"}
{"level":"info","message":"uploading to cloudinary starting......","service":"identity-service","timestamp":"2025-07-17T07:56:42.517Z"}
{"level":"info","message":"Cloudinary upload successfull. Public Id: - deoo2ofqejwj5zxywlqq","service":"identity-service","timestamp":"2025-07-17T07:56:47.834Z"}
{"level":"error","message":"Error while Uploading a media  Cannot read properties of undefined (reading 'userId')","service":"identity-service","stack":"TypeError: Cannot read properties of undefined (reading 'userId')\n    at uploadMedia (C:\\Node Microservices\\SOCIAL-MEDIA-MICROSERVICES\\media-service\\src\\controller\\mediaController.js:28:24)\n    at process.processTicksAndRejections (node:internal/process/task_queues:105:5)","timestamp":"2025-07-17T07:56:47.835Z"}
{"level":"info","message":"Identity service running on port: http://localhost:3003","service":"identity-service","timestamp":"2025-07-17T08:12:49.991Z"}
{"level":"info","message":"Identity service running on port: http://localhost:3003","service":"identity-service","timestamp":"2025-07-17T08:12:51.425Z"}
{"level":"info","message":"MongoDB Connected successfully","service":"identity-service","timestamp":"2025-07-17T08:12:52.190Z"}
{"level":"info","message":"Identity service running on port: http://localhost:3003","service":"identity-service","timestamp":"2025-07-20T05:42:48.283Z"}
{"level":"info","message":"MongoDB Connected successfully","service":"identity-service","timestamp":"2025-07-20T05:42:49.673Z"}
{"level":"info","message":"Received GET request to /api/media/upload ","service":"identity-service","timestamp":"2025-07-20T05:46:40.085Z"}
{"level":"info","message":"Request body undefined","service":"identity-service","timestamp":"2025-07-20T05:46:40.085Z"}
{"level":"info","message":"Received POST request to /api/media/upload ","service":"identity-service","timestamp":"2025-07-20T05:46:47.748Z"}
{"level":"info","message":"Request body {}","service":"identity-service","timestamp":"2025-07-20T05:46:47.749Z"}
{"level":"info","message":"Received POST request to /api/media/upload ","service":"identity-service","timestamp":"2025-07-20T05:49:18.201Z"}
{"level":"info","message":"Request body undefined","service":"identity-service","timestamp":"2025-07-20T05:49:18.202Z"}
{"level":"info","message":"upload media endpoint hit","service":"identity-service","timestamp":"2025-07-20T05:49:18.210Z"}
{"level":"info","message":"File details: name:medha.jpg- type:image/jpeg","service":"identity-service","timestamp":"2025-07-20T05:49:18.210Z"}
{"level":"info","message":"uploading to cloudinary starting......","service":"identity-service","timestamp":"2025-07-20T05:49:18.210Z"}
{"level":"info","message":"Cloudinary upload successfull. Public Id: - mplhjfpxvxononcqjv5z","service":"identity-service","timestamp":"2025-07-20T05:49:21.383Z"}
{"_message":"Media validation failed","errors":{"mimeType":{"kind":"required","message":"Path `mimeType` is required.","name":"ValidatorError","path":"mimeType","properties":{"message":"Path `mimeType` is required.","path":"mimeType","type":"required"}},"originName":{"kind":"required","message":"Path `originName` is required.","name":"ValidatorError","path":"originName","properties":{"message":"Path `originName` is required.","path":"originName","type":"required"}}},"level":"error","message":"Error while Uploading a media  Media validation failed: mimeType: Path `mimeType` is required., originName: Path `originName` is required.","service":"identity-service","stack":"ValidationError: Media validation failed: mimeType: Path `mimeType` is required., originName: Path `originName` is required.\n    at Document.invalidate (C:\\Node Microservices\\SOCIAL-MEDIA-MICROSERVICES\\media-service\\node_modules\\mongoose\\lib\\document.js:3354:32)\n    at C:\\Node Microservices\\SOCIAL-MEDIA-MICROSERVICES\\media-service\\node_modules\\mongoose\\lib\\document.js:3115:17\n    at C:\\Node Microservices\\SOCIAL-MEDIA-MICROSERVICES\\media-service\\node_modules\\mongoose\\lib\\schemaType.js:1410:9\n    at process.processTicksAndRejections (node:internal/process/task_queues:85:11)","timestamp":"2025-07-20T05:49:21.395Z"}
{"level":"info","message":"Identity service running on port: http://localhost:3003","service":"identity-service","timestamp":"2025-07-20T05:51:07.234Z"}
{"level":"info","message":"MongoDB Connected successfully","service":"identity-service","timestamp":"2025-07-20T05:51:08.668Z"}
{"level":"info","message":"Received POST request to /api/media/upload ","service":"identity-service","timestamp":"2025-07-20T05:51:13.333Z"}
{"level":"info","message":"Request body undefined","service":"identity-service","timestamp":"2025-07-20T05:51:13.334Z"}
{"level":"info","message":"upload media endpoint hit","service":"identity-service","timestamp":"2025-07-20T05:51:13.343Z"}
{"level":"info","message":"File details: name:medha.jpg- type:image/jpeg","service":"identity-service","timestamp":"2025-07-20T05:51:13.343Z"}
{"level":"info","message":"uploading to cloudinary starting......","service":"identity-service","timestamp":"2025-07-20T05:51:13.344Z"}
{"level":"info","message":"Cloudinary upload successfull. Public Id: - ago2px8ppc77qjjwrsji","service":"identity-service","timestamp":"2025-07-20T05:51:17.678Z"}
{"_message":"Media validation failed","errors":{"originName":{"kind":"required","message":"Path `originName` is required.","name":"ValidatorError","path":"originName","properties":{"message":"Path `originName` is required.","path":"originName","type":"required"}}},"level":"error","message":"Error while Uploading a media  Media validation failed: originName: Path `originName` is required.","service":"identity-service","stack":"ValidationError: Media validation failed: originName: Path `originName` is required.\n    at Document.invalidate (C:\\Node Microservices\\SOCIAL-MEDIA-MICROSERVICES\\media-service\\node_modules\\mongoose\\lib\\document.js:3354:32)\n    at C:\\Node Microservices\\SOCIAL-MEDIA-MICROSERVICES\\media-service\\node_modules\\mongoose\\lib\\document.js:3115:17\n    at C:\\Node Microservices\\SOCIAL-MEDIA-MICROSERVICES\\media-service\\node_modules\\mongoose\\lib\\schemaType.js:1410:9\n    at process.processTicksAndRejections (node:internal/process/task_queues:85:11)","timestamp":"2025-07-20T05:51:17.687Z"}
{"level":"info","message":"Identity service running on port: http://localhost:3003","service":"identity-service","timestamp":"2025-07-20T05:56:23.188Z"}
{"level":"info","message":"MongoDB Connected successfully","service":"identity-service","timestamp":"2025-07-20T05:56:24.133Z"}
{"level":"info","message":"Received POST request to /api/media/upload ","service":"identity-service","timestamp":"2025-07-20T05:56:29.781Z"}
{"level":"info","message":"Request body undefined","service":"identity-service","timestamp":"2025-07-20T05:56:29.782Z"}
{"level":"info","message":"upload media endpoint hit","service":"identity-service","timestamp":"2025-07-20T05:56:29.792Z"}
{"level":"info","message":"File details: name:medha.jpg- type:image/jpeg","service":"identity-service","timestamp":"2025-07-20T05:56:29.793Z"}
{"level":"info","message":"uploading to cloudinary starting......","service":"identity-service","timestamp":"2025-07-20T05:56:29.793Z"}
{"level":"info","message":"Cloudinary upload successfull. Public Id: - bwe0de6qxdpc6kzdmyfw","service":"identity-service","timestamp":"2025-07-20T05:56:32.445Z"}
{"level":"info","message":"Identity service running on port: http://localhost:3003","service":"identity-service","timestamp":"2025-07-20T07:59:12.960Z"}
{"level":"info","message":"MongoDB Connected successfully","service":"identity-service","timestamp":"2025-07-20T07:59:13.779Z"}
{"level":"info","message":"Identity service running on port: http://localhost:3003","service":"identity-service","timestamp":"2025-07-20T08:08:02.354Z"}
{"level":"info","message":"MongoDB Connected successfully","service":"identity-service","timestamp":"2025-07-20T08:08:03.217Z"}
{"level":"info","message":"Received POST request to /api/media/upload ","service":"identity-service","timestamp":"2025-07-20T08:09:18.590Z"}
{"level":"info","message":"Request body undefined","service":"identity-service","timestamp":"2025-07-20T08:09:18.591Z"}
{"level":"info","message":"upload media endpoint hit","service":"identity-service","timestamp":"2025-07-20T08:09:18.603Z"}
{"level":"info","message":"File details: name:medha.jpg- type:image/jpeg","service":"identity-service","timestamp":"2025-07-20T08:09:18.604Z"}
{"level":"info","message":"uploading to cloudinary starting......","service":"identity-service","timestamp":"2025-07-20T08:09:18.604Z"}
{"level":"error","message":"Error while Uploading a media  uploadMediaTCoCLoudinary is not a function","service":"identity-service","stack":"TypeError: uploadMediaTCoCLoudinary is not a function\n    at uploadMedia (C:\\Node Microservices\\SOCIAL-MEDIA-MICROSERVICES\\media-service\\src\\controller\\mediaController.js:20:42)\n    at Layer.handleRequest (C:\\Node Microservices\\SOCIAL-MEDIA-MICROSERVICES\\media-service\\node_modules\\router\\lib\\layer.js:152:17)\n    at next (C:\\Node Microservices\\SOCIAL-MEDIA-MICROSERVICES\\media-service\\node_modules\\router\\lib\\route.js:157:13)\n    at C:\\Node Microservices\\SOCIAL-MEDIA-MICROSERVICES\\media-service\\src\\routes\\media-routes.js:41:9\n    at done (C:\\Node Microservices\\SOCIAL-MEDIA-MICROSERVICES\\media-service\\node_modules\\multer\\lib\\make-middleware.js:59:7)\n    at indicateDone (C:\\Node Microservices\\SOCIAL-MEDIA-MICROSERVICES\\media-service\\node_modules\\multer\\lib\\make-middleware.js:63:68)\n    at Multipart.<anonymous> (C:\\Node Microservices\\SOCIAL-MEDIA-MICROSERVICES\\media-service\\node_modules\\multer\\lib\\make-middleware.js:182:7)\n    at Multipart.emit (node:events:518:28)\n    at emitCloseNT (node:internal/streams/destroy:148:10)\n    at process.processTicksAndRejections (node:internal/process/task_queues:89:21)","timestamp":"2025-07-20T08:09:18.605Z"}
{"level":"info","message":"Received POST request to /api/media/upload ","service":"identity-service","timestamp":"2025-07-20T08:09:48.631Z"}
{"level":"info","message":"Request body undefined","service":"identity-service","timestamp":"2025-07-20T08:09:48.631Z"}
{"level":"info","message":"upload media endpoint hit","service":"identity-service","timestamp":"2025-07-20T08:09:48.634Z"}
{"level":"info","message":"File details: name:img-1.jpg- type:image/jpeg","service":"identity-service","timestamp":"2025-07-20T08:09:48.634Z"}
{"level":"info","message":"uploading to cloudinary starting......","service":"identity-service","timestamp":"2025-07-20T08:09:48.634Z"}
{"level":"error","message":"Error while Uploading a media  uploadMediaTCoCLoudinary is not a function","service":"identity-service","stack":"TypeError: uploadMediaTCoCLoudinary is not a function\n    at uploadMedia (C:\\Node Microservices\\SOCIAL-MEDIA-MICROSERVICES\\media-service\\src\\controller\\mediaController.js:20:42)\n    at Layer.handleRequest (C:\\Node Microservices\\SOCIAL-MEDIA-MICROSERVICES\\media-service\\node_modules\\router\\lib\\layer.js:152:17)\n    at next (C:\\Node Microservices\\SOCIAL-MEDIA-MICROSERVICES\\media-service\\node_modules\\router\\lib\\route.js:157:13)\n    at C:\\Node Microservices\\SOCIAL-MEDIA-MICROSERVICES\\media-service\\src\\routes\\media-routes.js:41:9\n    at done (C:\\Node Microservices\\SOCIAL-MEDIA-MICROSERVICES\\media-service\\node_modules\\multer\\lib\\make-middleware.js:59:7)\n    at indicateDone (C:\\Node Microservices\\SOCIAL-MEDIA-MICROSERVICES\\media-service\\node_modules\\multer\\lib\\make-middleware.js:63:68)\n    at Multipart.<anonymous> (C:\\Node Microservices\\SOCIAL-MEDIA-MICROSERVICES\\media-service\\node_modules\\multer\\lib\\make-middleware.js:182:7)\n    at Multipart.emit (node:events:518:28)\n    at emitCloseNT (node:internal/streams/destroy:148:10)\n    at process.processTicksAndRejections (node:internal/process/task_queues:89:21)","timestamp":"2025-07-20T08:09:48.634Z"}
{"level":"info","message":"Identity service running on port: http://localhost:3003","service":"identity-service","timestamp":"2025-07-20T08:12:21.686Z"}
{"level":"info","message":"MongoDB Connected successfully","service":"identity-service","timestamp":"2025-07-20T08:12:22.577Z"}
{"level":"info","message":"Identity service running on port: http://localhost:3003","service":"identity-service","timestamp":"2025-07-20T08:12:28.791Z"}
{"level":"info","message":"MongoDB Connected successfully","service":"identity-service","timestamp":"2025-07-20T08:12:29.595Z"}
{"level":"info","message":"Received POST request to /api/media/upload ","service":"identity-service","timestamp":"2025-07-20T08:12:38.344Z"}
{"level":"info","message":"Request body undefined","service":"identity-service","timestamp":"2025-07-20T08:12:38.344Z"}
{"level":"info","message":"upload media endpoint hit","service":"identity-service","timestamp":"2025-07-20T08:12:38.352Z"}
{"level":"info","message":"File details: name:img-1.jpg- type:image/jpeg","service":"identity-service","timestamp":"2025-07-20T08:12:38.353Z"}
{"level":"info","message":"uploading to cloudinary starting......","service":"identity-service","timestamp":"2025-07-20T08:12:38.353Z"}
{"level":"error","message":"Error while Uploading a media  uploadMediaTCoCLoudinary is not a function","service":"identity-service","stack":"TypeError: uploadMediaTCoCLoudinary is not a function\n    at uploadMedia (C:\\Node Microservices\\SOCIAL-MEDIA-MICROSERVICES\\media-service\\src\\controller\\mediaController.js:21:42)\n    at Layer.handleRequest (C:\\Node Microservices\\SOCIAL-MEDIA-MICROSERVICES\\media-service\\node_modules\\router\\lib\\layer.js:152:17)\n    at next (C:\\Node Microservices\\SOCIAL-MEDIA-MICROSERVICES\\media-service\\node_modules\\router\\lib\\route.js:157:13)\n    at C:\\Node Microservices\\SOCIAL-MEDIA-MICROSERVICES\\media-service\\src\\routes\\media-routes.js:41:9\n    at done (C:\\Node Microservices\\SOCIAL-MEDIA-MICROSERVICES\\media-service\\node_modules\\multer\\lib\\make-middleware.js:59:7)\n    at indicateDone (C:\\Node Microservices\\SOCIAL-MEDIA-MICROSERVICES\\media-service\\node_modules\\multer\\lib\\make-middleware.js:63:68)\n    at Multipart.<anonymous> (C:\\Node Microservices\\SOCIAL-MEDIA-MICROSERVICES\\media-service\\node_modules\\multer\\lib\\make-middleware.js:182:7)\n    at Multipart.emit (node:events:518:28)\n    at emitCloseNT (node:internal/streams/destroy:148:10)\n    at process.processTicksAndRejections (node:internal/process/task_queues:89:21)","timestamp":"2025-07-20T08:12:38.354Z"}
{"level":"info","message":"Identity service running on port: http://localhost:3003","service":"identity-service","timestamp":"2025-07-20T08:14:05.642Z"}
{"level":"info","message":"MongoDB Connected successfully","service":"identity-service","timestamp":"2025-07-20T08:14:06.943Z"}
{"level":"info","message":"Identity service running on port: http://localhost:3003","service":"identity-service","timestamp":"2025-07-20T08:14:13.447Z"}
{"level":"info","message":"MongoDB Connected successfully","service":"identity-service","timestamp":"2025-07-20T08:14:14.124Z"}
{"level":"info","message":"Identity service running on port: http://localhost:3003","service":"identity-service","timestamp":"2025-07-22T05:45:31.604Z"}
{"level":"info","message":"MongoDB Connected successfully","service":"identity-service","timestamp":"2025-07-22T05:45:32.466Z"}
{"level":"info","message":"Received POST request to /api/media/upload ","service":"identity-service","timestamp":"2025-07-22T05:49:50.416Z"}
{"level":"info","message":"Request body undefined","service":"identity-service","timestamp":"2025-07-22T05:49:50.421Z"}
{"level":"info","message":"upload media endpoint hit","service":"identity-service","timestamp":"2025-07-22T05:49:50.442Z"}
{"level":"info","message":"File details: name:img-1.jpg- type:image/jpeg","service":"identity-service","timestamp":"2025-07-22T05:49:50.444Z"}
{"level":"info","message":"uploading to cloudinary starting......","service":"identity-service","timestamp":"2025-07-22T05:49:50.444Z"}
{"level":"info","message":"Cloudinary upload successfull. Public Id: - zemlnjv039f1meax57oa","service":"identity-service","timestamp":"2025-07-22T05:49:54.668Z"}
{"level":"info","message":"Received POST request to /api/media/get-media ","service":"identity-service","timestamp":"2025-07-22T05:54:25.612Z"}
{"level":"info","message":"Request body undefined","service":"identity-service","timestamp":"2025-07-22T05:54:25.614Z"}
{"level":"info","message":"Received GET request to /api/media/get-media ","service":"identity-service","timestamp":"2025-07-22T05:54:27.805Z"}
{"level":"info","message":"Request body undefined","service":"identity-service","timestamp":"2025-07-22T05:54:27.806Z"}
{"level":"info","message":"Received GET request to /api/media/get-media ","service":"identity-service","timestamp":"2025-07-22T05:54:35.224Z"}
{"level":"info","message":"Request body undefined","service":"identity-service","timestamp":"2025-07-22T05:54:35.225Z"}
{"level":"info","message":"Received GET request to /api/media/get-media ","service":"identity-service","timestamp":"2025-07-22T06:13:31.878Z"}
{"level":"info","message":"Request body undefined","service":"identity-service","timestamp":"2025-07-22T06:13:31.880Z"}
{"level":"info","message":"Received POST request to /api/media/upload ","service":"identity-service","timestamp":"2025-07-22T06:14:49.539Z"}
{"level":"info","message":"Request body undefined","service":"identity-service","timestamp":"2025-07-22T06:14:49.540Z"}
{"level":"info","message":"upload media endpoint hit","service":"identity-service","timestamp":"2025-07-22T06:14:49.553Z"}
{"level":"info","message":"File details: name:medha.jpg- type:image/jpeg","service":"identity-service","timestamp":"2025-07-22T06:14:49.554Z"}
{"level":"info","message":"uploading to cloudinary starting......","service":"identity-service","timestamp":"2025-07-22T06:14:49.554Z"}
{"level":"info","message":"Cloudinary upload successfull. Public Id: - oblc3ywuk08eervsnyt1","service":"identity-service","timestamp":"2025-07-22T06:14:53.315Z"}
{"level":"info","message":"Identity service running on port: http://localhost:3003","service":"identity-service","timestamp":"2025-07-22T06:27:05.693Z"}
{"level":"info","message":"MongoDB Connected successfully","service":"identity-service","timestamp":"2025-07-22T06:27:06.651Z"}
{"level":"info","message":"Identity service running on port: http://localhost:3003","service":"identity-service","timestamp":"2025-07-22T06:51:41.740Z"}
{"level":"info","message":"MongoDB Connected successfully","service":"identity-service","timestamp":"2025-07-22T06:51:43.472Z"}
{"level":"info","message":"Identity service running on port: http://localhost:3003","service":"identity-service","timestamp":"2025-07-22T06:51:51.687Z"}
{"level":"info","message":"MongoDB Connected successfully","service":"identity-service","timestamp":"2025-07-22T06:51:54.477Z"}
{"level":"info","message":"Connected to RabbitMQ successfully","service":"identity-service","timestamp":"2025-07-22T06:52:43.717Z"}
{"level":"info","message":"Subscribed to event:post.deleted","service":"identity-service","timestamp":"2025-07-22T06:52:43.789Z"}
{"level":"info","message":"Media service is running on port: http://localhost:3003","service":"identity-service","timestamp":"2025-07-22T06:52:43.794Z"}
{"level":"info","message":"MongoDB Connected successfully","service":"identity-service","timestamp":"2025-07-22T06:52:44.898Z"}
{"level":"info","message":"Received POST request to /api/media/upload ","service":"identity-service","timestamp":"2025-07-22T06:57:27.489Z"}
{"level":"info","message":"Request body undefined","service":"identity-service","timestamp":"2025-07-22T06:57:27.491Z"}
{"level":"info","message":"upload media endpoint hit","service":"identity-service","timestamp":"2025-07-22T06:57:27.519Z"}
{"level":"info","message":"File details: name:my.jpg- type:image/jpeg","service":"identity-service","timestamp":"2025-07-22T06:57:27.520Z"}
{"level":"info","message":"uploading to cloudinary starting......","service":"identity-service","timestamp":"2025-07-22T06:57:27.521Z"}
{"level":"info","message":"Cloudinary upload successfull. Public Id: - gyfxoapt2den9jrsalc2","service":"identity-service","timestamp":"2025-07-22T06:57:32.482Z"}
{"level":"info","message":"Received GET request to /api/media/get-media ","service":"identity-service","timestamp":"2025-07-22T07:01:29.431Z"}
{"level":"info","message":"Request body undefined","service":"identity-service","timestamp":"2025-07-22T07:01:29.431Z"}
{"level":"info","message":"Connected to RabbitMQ successfully","service":"identity-service","timestamp":"2025-07-22T07:22:07.927Z"}
{"level":"info","message":"Subscribed to event:post.deleted","service":"identity-service","timestamp":"2025-07-22T07:22:07.943Z"}
{"level":"info","message":"Media service is running on port: http://localhost:3003","service":"identity-service","timestamp":"2025-07-22T07:22:07.948Z"}
{"level":"info","message":"MongoDB Connected successfully","service":"identity-service","timestamp":"2025-07-22T07:22:08.898Z"}
{"level":"info","message":"Connected to RabbitMQ successfully","service":"identity-service","timestamp":"2025-07-22T07:22:25.844Z"}
{"level":"info","message":"Subscribed to event:post.deleted","service":"identity-service","timestamp":"2025-07-22T07:22:25.858Z"}
{"level":"info","message":"Media service is running on port: http://localhost:3003","service":"identity-service","timestamp":"2025-07-22T07:22:25.863Z"}
{"level":"info","message":"Connected to RabbitMQ successfully","service":"identity-service","timestamp":"2025-07-22T07:22:27.728Z"}
{"level":"info","message":"Subscribed to event:post.deleted","service":"identity-service","timestamp":"2025-07-22T07:22:27.740Z"}
{"level":"info","message":"Media service is running on port: http://localhost:3003","service":"identity-service","timestamp":"2025-07-22T07:22:27.745Z"}
{"level":"info","message":"MongoDB Connected successfully","service":"identity-service","timestamp":"2025-07-22T07:22:29.070Z"}
{"level":"info","message":"Received POST request to /api/media/upload ","service":"identity-service","timestamp":"2025-07-22T07:24:25.246Z"}
{"level":"info","message":"Request body undefined","service":"identity-service","timestamp":"2025-07-22T07:24:25.247Z"}
{"level":"info","message":"upload media endpoint hit","service":"identity-service","timestamp":"2025-07-22T07:24:25.268Z"}
{"level":"info","message":"File details: name:clg-id.jpg- type:image/jpeg","service":"identity-service","timestamp":"2025-07-22T07:24:25.270Z"}
{"level":"info","message":"uploading to cloudinary starting......","service":"identity-service","timestamp":"2025-07-22T07:24:25.270Z"}
{"level":"info","message":"Cloudinary upload successfull. Public Id: - vgvuwcadcneg7ordkqyr","service":"identity-service","timestamp":"2025-07-22T07:24:29.834Z"}
{"level":"info","message":"Connected to RabbitMQ successfully","service":"identity-service","timestamp":"2025-07-22T07:33:18.952Z"}
{"level":"info","message":"Subscribed to event:post.deleted","service":"identity-service","timestamp":"2025-07-22T07:33:18.967Z"}
{"level":"info","message":"Media service is running on port: http://localhost:3003","service":"identity-service","timestamp":"2025-07-22T07:33:18.972Z"}
{"level":"info","message":"MongoDB Connected successfully","service":"identity-service","timestamp":"2025-07-22T07:33:20.667Z"}
{"level":"info","message":"Connected to RabbitMQ successfully","service":"identity-service","timestamp":"2025-07-22T07:33:25.403Z"}
{"level":"info","message":"Subscribed to event:post.deleted","service":"identity-service","timestamp":"2025-07-22T07:33:25.472Z"}
{"level":"info","message":"Media service is running on port: http://localhost:3003","service":"identity-service","timestamp":"2025-07-22T07:33:25.476Z"}
{"level":"info","message":"MongoDB Connected successfully","service":"identity-service","timestamp":"2025-07-22T07:33:26.095Z"}
{"level":"info","message":"Connected to RabbitMQ successfully","service":"identity-service","timestamp":"2025-07-23T05:46:43.262Z"}
{"level":"info","message":"Subscribed to event:post.deleted","service":"identity-service","timestamp":"2025-07-23T05:46:43.279Z"}
{"level":"info","message":"Media service is running on port: http://localhost:3003","service":"identity-service","timestamp":"2025-07-23T05:46:43.283Z"}
{"level":"info","message":"MongoDB Connected successfully","service":"identity-service","timestamp":"2025-07-23T05:46:44.023Z"}
{"level":"info","message":"Received POST request to /api/media/upload ","service":"identity-service","timestamp":"2025-07-23T06:04:08.942Z"}
{"level":"info","message":"Request body undefined","service":"identity-service","timestamp":"2025-07-23T06:04:08.953Z"}
{"level":"info","message":"upload media endpoint hit","service":"identity-service","timestamp":"2025-07-23T06:04:08.989Z"}
{"level":"info","message":"File details: name:shri.jpg- type:image/jpeg","service":"identity-service","timestamp":"2025-07-23T06:04:08.990Z"}
{"level":"info","message":"uploading to cloudinary starting......","service":"identity-service","timestamp":"2025-07-23T06:04:08.991Z"}
{"level":"info","message":"Cloudinary upload successfull. Public Id: - dnal9fdo1o4dqj4wmkxg","service":"identity-service","timestamp":"2025-07-23T06:04:13.126Z"}
{"level":"info","message":"Received POST request to /api/media/upload ","service":"identity-service","timestamp":"2025-07-23T06:15:56.133Z"}
{"level":"info","message":"Request body undefined","service":"identity-service","timestamp":"2025-07-23T06:15:56.134Z"}
{"level":"info","message":"upload media endpoint hit","service":"identity-service","timestamp":"2025-07-23T06:15:56.141Z"}
{"level":"info","message":"File details: name:coverimage.png- type:image/png","service":"identity-service","timestamp":"2025-07-23T06:15:56.142Z"}
{"level":"info","message":"uploading to cloudinary starting......","service":"identity-service","timestamp":"2025-07-23T06:15:56.142Z"}
{"level":"info","message":"Cloudinary upload successfull. Public Id: - mcn5boxl1tfqznwffqyg","service":"identity-service","timestamp":"2025-07-23T06:15:58.998Z"}
{"level":"info","message":"Connected to RabbitMQ successfully","service":"identity-service","timestamp":"2025-07-23T06:30:44.261Z"}
{"level":"info","message":"Subscribed to event:post.deleted","service":"identity-service","timestamp":"2025-07-23T06:30:44.276Z"}
{"level":"info","message":"Media service is running on port: http://localhost:3003","service":"identity-service","timestamp":"2025-07-23T06:30:44.280Z"}
{"level":"info","message":"MongoDB Connected successfully","service":"identity-service","timestamp":"2025-07-23T06:30:45.222Z"}
{"level":"info","message":"Connected to RabbitMQ successfully","service":"identity-service","timestamp":"2025-07-23T06:31:28.764Z"}
{"level":"info","message":"Subscribed to event:post.deleted","service":"identity-service","timestamp":"2025-07-23T06:31:28.778Z"}
{"level":"info","message":"Media service is running on port: http://localhost:3003","service":"identity-service","timestamp":"2025-07-23T06:31:28.783Z"}
{"level":"info","message":"MongoDB Connected successfully","service":"identity-service","timestamp":"2025-07-23T06:31:31.051Z"}
{"level":"info","message":"Received POST request to /api/media/upload ","service":"identity-service","timestamp":"2025-07-23T06:32:31.020Z"}
{"level":"info","message":"Request body undefined","service":"identity-service","timestamp":"2025-07-23T06:32:31.022Z"}
{"level":"info","message":"upload media endpoint hit","service":"identity-service","timestamp":"2025-07-23T06:32:31.065Z"}
{"level":"info","message":"File details: name:pranam.jpg- type:image/jpeg","service":"identity-service","timestamp":"2025-07-23T06:32:31.066Z"}
{"level":"info","message":"uploading to cloudinary starting......","service":"identity-service","timestamp":"2025-07-23T06:32:31.067Z"}
{"level":"info","message":"Cloudinary upload successfull. Public Id: - znhrcluumy84zfmeaemd","service":"identity-service","timestamp":"2025-07-23T06:32:33.258Z"}
{"0":"z","1":"n","10":"8","11":"4","12":"z","13":"f","14":"m","15":"e","16":"a","17":"e","18":"m","19":"d","2":"h","3":"r","4":"c","5":"l","6":"u","7":"u","8":"m","9":"y","level":"info","message":"Media deleted successfully from cloud storage","service":"identity-service","timestamp":"2025-07-23T06:33:05.357Z"}
{"level":"info","message":"Deletd media 68808201aa989683a4c4b3a2 assosciated with this post id:68808213e37837d864e45cd4","service":"identity-service","timestamp":"2025-07-23T06:33:05.411Z"}
{"level":"info","message":"Process deletion of media for post id 68808213e37837d864e45cd4","service":"identity-service","timestamp":"2025-07-23T06:33:05.412Z"}
{"level":"info","message":"Received POST request to /api/media/upload ","service":"identity-service","timestamp":"2025-07-23T06:46:49.814Z"}
{"level":"info","message":"Request body undefined","service":"identity-service","timestamp":"2025-07-23T06:46:49.815Z"}
{"level":"info","message":"upload media endpoint hit","service":"identity-service","timestamp":"2025-07-23T06:46:49.827Z"}
{"level":"info","message":"File details: name:pranam.jpg- type:image/jpeg","service":"identity-service","timestamp":"2025-07-23T06:46:49.827Z"}
{"level":"info","message":"uploading to cloudinary starting......","service":"identity-service","timestamp":"2025-07-23T06:46:49.827Z"}
{"level":"info","message":"Cloudinary upload successfull. Public Id: - a3ktupvvjh68ziqhecu5","service":"identity-service","timestamp":"2025-07-23T06:46:51.815Z"}
{"0":"a","1":"3","10":"6","11":"8","12":"z","13":"i","14":"q","15":"h","16":"e","17":"c","18":"u","19":"5","2":"k","3":"t","4":"u","5":"p","6":"v","7":"v","8":"j","9":"h","level":"info","message":"Media deleted successfully from cloud storage","service":"identity-service","timestamp":"2025-07-23T06:48:00.099Z"}
{"level":"info","message":"Deletd media 6880855baa989683a4c4b3a6 assosciated with this post id:68808569e37837d864e45cd9","service":"identity-service","timestamp":"2025-07-23T06:48:00.159Z"}
{"level":"info","message":"Process deletion of media for post id 68808569e37837d864e45cd9","service":"identity-service","timestamp":"2025-07-23T06:48:00.159Z"}
{"level":"info","message":"Connected to RabbitMQ successfully","service":"identity-service","timestamp":"2025-07-24T05:50:24.147Z"}
{"level":"info","message":"Subscribed to event: post.deleted","service":"identity-service","timestamp":"2025-07-24T05:50:24.224Z"}
{"level":"info","message":"Media service is running on port: http://localhost:3003","service":"identity-service","timestamp":"2025-07-24T05:50:24.228Z"}
{"level":"info","message":"MongoDB Connected successfully","service":"identity-service","timestamp":"2025-07-24T05:50:24.928Z"}
{"level":"info","message":"Connected to RabbitMQ successfully","service":"identity-service","timestamp":"2025-07-24T05:56:53.309Z"}
{"level":"info","message":"Subscribed to event: post.deleted","service":"identity-service","timestamp":"2025-07-24T05:56:53.321Z"}
{"level":"info","message":"Media service is running on port: http://localhost:3003","service":"identity-service","timestamp":"2025-07-24T05:56:53.325Z"}
{"level":"info","message":"MongoDB Connected successfully","service":"identity-service","timestamp":"2025-07-24T05:56:54.116Z"}
{"level":"info","message":"Connected to RabbitMQ successfully","service":"identity-service","timestamp":"2025-07-24T08:44:25.501Z"}
{"level":"info","message":"Subscribed to event: post.deleted","service":"identity-service","timestamp":"2025-07-24T08:44:25.514Z"}
{"level":"info","message":"Media service is running on port: http://localhost:3003","service":"identity-service","timestamp":"2025-07-24T08:44:25.518Z"}
{"code":8000,"codeName":"AtlasError","connectionGeneration":0,"errorLabelSet":{},"errorResponse":{"code":8000,"codeName":"AtlasError","errmsg":"bad auth : authentication failed","ok":0},"level":"error","message":"MongoDB connection error: bad auth : authentication failed","ok":0,"service":"identity-service","stack":"MongoServerError: bad auth : authentication failed\n    at Connection.sendCommand (C:\\Node Microservices\\SOCIAL-MEDIA-MICROSERVICES\\media-service\\node_modules\\mongodb\\lib\\cmap\\connection.js:305:27)\n    at process.processTicksAndRejections (node:internal/process/task_queues:105:5)\n    at async Connection.command (C:\\Node Microservices\\SOCIAL-MEDIA-MICROSERVICES\\media-service\\node_modules\\mongodb\\lib\\cmap\\connection.js:333:26)\n    at async continueScramConversation (C:\\Node Microservices\\SOCIAL-MEDIA-MICROSERVICES\\media-service\\node_modules\\mongodb\\lib\\cmap\\auth\\scram.js:131:15)\n    at async executeScram (C:\\Node Microservices\\SOCIAL-MEDIA-MICROSERVICES\\media-service\\node_modules\\mongodb\\lib\\cmap\\auth\\scram.js:80:5)\n    at async ScramSHA1.auth (C:\\Node Microservices\\SOCIAL-MEDIA-MICROSERVICES\\media-service\\node_modules\\mongodb\\lib\\cmap\\auth\\scram.js:39:16)\n    at async performInitialHandshake (C:\\Node Microservices\\SOCIAL-MEDIA-MICROSERVICES\\media-service\\node_modules\\mongodb\\lib\\cmap\\connect.js:104:13)\n    at async connect (C:\\Node Microservices\\SOCIAL-MEDIA-MICROSERVICES\\media-service\\node_modules\\mongodb\\lib\\cmap\\connect.js:24:9)","timestamp":"2025-07-24T08:44:26.107Z"}
{"level":"info","message":"Connected to RabbitMQ successfully","service":"identity-service","timestamp":"2025-07-25T06:02:20.954Z"}
{"level":"info","message":"Subscribed to event: post.deleted","service":"identity-service","timestamp":"2025-07-25T06:02:20.969Z"}
{"level":"info","message":"Media service is running on port: http://localhost:3003","service":"identity-service","timestamp":"2025-07-25T06:02:20.971Z"}
{"code":8000,"codeName":"AtlasError","connectionGeneration":0,"errorLabelSet":{},"errorResponse":{"code":8000,"codeName":"AtlasError","errmsg":"bad auth : authentication failed","ok":0},"level":"error","message":"MongoDB connection error: bad auth : authentication failed","ok":0,"service":"identity-service","stack":"MongoServerError: bad auth : authentication failed\n    at Connection.sendCommand (C:\\Node Microservices\\SOCIAL-MEDIA-MICROSERVICES\\media-service\\node_modules\\mongodb\\lib\\cmap\\connection.js:305:27)\n    at process.processTicksAndRejections (node:internal/process/task_queues:105:5)\n    at async Connection.command (C:\\Node Microservices\\SOCIAL-MEDIA-MICROSERVICES\\media-service\\node_modules\\mongodb\\lib\\cmap\\connection.js:333:26)\n    at async continueScramConversation (C:\\Node Microservices\\SOCIAL-MEDIA-MICROSERVICES\\media-service\\node_modules\\mongodb\\lib\\cmap\\auth\\scram.js:131:15)\n    at async executeScram (C:\\Node Microservices\\SOCIAL-MEDIA-MICROSERVICES\\media-service\\node_modules\\mongodb\\lib\\cmap\\auth\\scram.js:80:5)\n    at async ScramSHA1.auth (C:\\Node Microservices\\SOCIAL-MEDIA-MICROSERVICES\\media-service\\node_modules\\mongodb\\lib\\cmap\\auth\\scram.js:39:16)\n    at async performInitialHandshake (C:\\Node Microservices\\SOCIAL-MEDIA-MICROSERVICES\\media-service\\node_modules\\mongodb\\lib\\cmap\\connect.js:104:13)\n    at async connect (C:\\Node Microservices\\SOCIAL-MEDIA-MICROSERVICES\\media-service\\node_modules\\mongodb\\lib\\cmap\\connect.js:24:9)","timestamp":"2025-07-25T06:02:22.142Z"}
{"level":"info","message":"Connected to RabbitMQ successfully","service":"identity-service","timestamp":"2025-07-25T06:03:01.843Z"}
{"level":"info","message":"Subscribed to event: post.deleted","service":"identity-service","timestamp":"2025-07-25T06:03:01.850Z"}
{"level":"info","message":"Media service is running on port: http://localhost:3003","service":"identity-service","timestamp":"2025-07-25T06:03:01.853Z"}
{"level":"info","message":"MongoDB Connected successfully","service":"identity-service","timestamp":"2025-07-25T06:03:02.736Z"}
{"level":"info","message":"Received POST request to /api/media/upload ","service":"identity-service","timestamp":"2025-07-25T06:10:04.525Z"}
{"level":"info","message":"Request body undefined","service":"identity-service","timestamp":"2025-07-25T06:10:04.525Z"}
{"level":"info","message":"upload media endpoint hit","service":"identity-service","timestamp":"2025-07-25T06:10:04.540Z"}
{"level":"info","message":"File details: name:logo.png- type:image/png","service":"identity-service","timestamp":"2025-07-25T06:10:04.540Z"}
{"level":"info","message":"uploading to cloudinary starting......","service":"identity-service","timestamp":"2025-07-25T06:10:04.540Z"}
{"level":"info","message":"Cloudinary upload successfull. Public Id: - igzkvlpme7chqwmeqzgy","service":"identity-service","timestamp":"2025-07-25T06:10:09.703Z"}
{"level":"info","message":"Connected to RabbitMQ successfully","service":"identity-service","timestamp":"2025-07-25T06:17:06.199Z"}
{"level":"info","message":"Subscribed to event: post.deleted","service":"identity-service","timestamp":"2025-07-25T06:17:06.209Z"}
{"level":"info","message":"Media service is running on port: http://localhost:3003","service":"identity-service","timestamp":"2025-07-25T06:17:06.211Z"}
{"level":"info","message":"MongoDB Connected successfully","service":"identity-service","timestamp":"2025-07-25T06:17:07.070Z"}
{"level":"info","message":"Connected to RabbitMQ successfully","service":"identity-service","timestamp":"2025-07-25T06:19:11.846Z"}
{"level":"info","message":"Subscribed to event: post.deleted","service":"identity-service","timestamp":"2025-07-25T06:19:11.852Z"}
{"level":"info","message":"Media service is running on port: http://localhost:3003","service":"identity-service","timestamp":"2025-07-25T06:19:11.855Z"}
{"level":"info","message":"MongoDB Connected successfully","service":"identity-service","timestamp":"2025-07-25T06:19:12.725Z"}
{"level":"info","message":"Received POST request to /api/media/upload ","service":"identity-service","timestamp":"2025-07-25T06:20:47.388Z"}
{"level":"info","message":"Request body undefined","service":"identity-service","timestamp":"2025-07-25T06:20:47.388Z"}
{"level":"info","message":"upload media endpoint hit","service":"identity-service","timestamp":"2025-07-25T06:20:47.398Z"}
{"level":"info","message":"File details: name:new-brand-log.png- type:image/png","service":"identity-service","timestamp":"2025-07-25T06:20:47.398Z"}
{"level":"info","message":"uploading to cloudinary starting......","service":"identity-service","timestamp":"2025-07-25T06:20:47.398Z"}
{"level":"info","message":"Cloudinary upload successfull. Public Id: - vz9gnkyghfepmeug1i1g","service":"identity-service","timestamp":"2025-07-25T06:20:53.108Z"}
{"level":"info","message":"Received POST request to /api/media/upload ","service":"identity-service","timestamp":"2025-07-25T06:29:35.030Z"}
{"level":"info","message":"Request body undefined","service":"identity-service","timestamp":"2025-07-25T06:29:35.030Z"}
{"level":"info","message":"upload media endpoint hit","service":"identity-service","timestamp":"2025-07-25T06:29:35.034Z"}
{"level":"info","message":"File details: name:self.jpg- type:image/jpeg","service":"identity-service","timestamp":"2025-07-25T06:29:35.035Z"}
{"level":"info","message":"uploading to cloudinary starting......","service":"identity-service","timestamp":"2025-07-25T06:29:35.035Z"}
{"level":"info","message":"Cloudinary upload successfull. Public Id: - k6jk3y47y1oy7ltowikl","service":"identity-service","timestamp":"2025-07-25T06:29:38.378Z"}
{"level":"info","message":"Connected to RabbitMQ successfully","service":"identity-service","timestamp":"2025-07-25T07:00:47.463Z"}
{"level":"info","message":"Subscribed to event: post.deleted","service":"identity-service","timestamp":"2025-07-25T07:00:47.471Z"}
{"level":"info","message":"Media service is running on port: http://localhost:3003","service":"identity-service","timestamp":"2025-07-25T07:00:47.474Z"}
{"level":"info","message":"MongoDB Connected successfully","service":"identity-service","timestamp":"2025-07-25T07:00:48.237Z"}
{"level":"info","message":"Connected to RabbitMQ successfully","service":"identity-service","timestamp":"2025-07-25T07:10:20.000Z"}
{"level":"info","message":"Subscribed to event: post.deleted","service":"identity-service","timestamp":"2025-07-25T07:10:20.007Z"}
{"level":"info","message":"Media service is running on port: http://localhost:3003","service":"identity-service","timestamp":"2025-07-25T07:10:20.010Z"}
{"level":"info","message":"MongoDB Connected successfully","service":"identity-service","timestamp":"2025-07-25T07:10:20.680Z"}
{"level":"info","message":"Connected to RabbitMQ successfully","service":"identity-service","timestamp":"2025-07-25T07:19:45.776Z"}
{"level":"info","message":"Subscribed to event: post.deleted","service":"identity-service","timestamp":"2025-07-25T07:19:45.782Z"}
{"level":"info","message":"Media service is running on port: http://localhost:3003","service":"identity-service","timestamp":"2025-07-25T07:19:45.785Z"}
{"level":"info","message":"MongoDB Connected successfully","service":"identity-service","timestamp":"2025-07-25T07:19:46.504Z"}
{"level":"info","message":"Connected to RabbitMQ successfully","service":"identity-service","timestamp":"2025-07-25T07:27:58.602Z"}
{"level":"info","message":"Subscribed to event: post.deleted","service":"identity-service","timestamp":"2025-07-25T07:27:58.609Z"}
{"level":"info","message":"Media service is running on port: http://localhost:3003","service":"identity-service","timestamp":"2025-07-25T07:27:58.611Z"}
{"level":"info","message":"MongoDB Connected successfully","service":"identity-service","timestamp":"2025-07-25T07:27:59.836Z"}
{"level":"info","message":"Connected to RabbitMQ successfully","service":"identity-service","timestamp":"2025-07-25T11:40:04.674Z"}
{"level":"info","message":"Subscribed to event: post.deleted","service":"identity-service","timestamp":"2025-07-25T11:40:04.687Z"}
{"level":"info","message":"Media service is running on port: http://localhost:3003","service":"identity-service","timestamp":"2025-07-25T11:40:04.692Z"}
{"level":"info","message":"MongoDB Connected successfully","service":"identity-service","timestamp":"2025-07-25T11:40:06.535Z"}
{"level":"info","message":"Connected to RabbitMQ successfully","service":"identity-service","timestamp":"2025-07-25T11:42:27.332Z"}
{"level":"info","message":"Subscribed to event: post.deleted","service":"identity-service","timestamp":"2025-07-25T11:42:27.345Z"}
{"level":"info","message":"Media service is running on port: http://localhost:3003","service":"identity-service","timestamp":"2025-07-25T11:42:27.349Z"}
{"level":"info","message":"MongoDB Connected successfully","service":"identity-service","timestamp":"2025-07-25T11:42:28.147Z"}
{"level":"info","message":"Connected to RabbitMQ successfully","service":"identity-service","timestamp":"2025-07-25T11:42:45.360Z"}
{"level":"info","message":"Subscribed to event: post.deleted","service":"identity-service","timestamp":"2025-07-25T11:42:45.372Z"}
{"level":"info","message":"Media service is running on port: http://localhost:3003","service":"identity-service","timestamp":"2025-07-25T11:42:45.377Z"}
{"level":"info","message":"MongoDB Connected successfully","service":"identity-service","timestamp":"2025-07-25T11:42:46.015Z"}
{"level":"info","message":"Received POST request to /api/media/upload ","service":"identity-service","timestamp":"2025-07-25T11:43:18.919Z"}
{"level":"info","message":"Request body undefined","service":"identity-service","timestamp":"2025-07-25T11:43:18.920Z"}
{"level":"info","message":"upload media endpoint hit","service":"identity-service","timestamp":"2025-07-25T11:43:18.944Z"}
{"level":"info","message":"File details: name:img-1.jpg- type:image/jpeg","service":"identity-service","timestamp":"2025-07-25T11:43:18.945Z"}
{"level":"info","message":"uploading to cloudinary starting......","service":"identity-service","timestamp":"2025-07-25T11:43:18.946Z"}
{"level":"info","message":"Cloudinary upload successfull. Public Id: - jlok2crtymgrger8bvzg","service":"identity-service","timestamp":"2025-07-25T11:43:21.514Z"}
{"0":"k","1":"6","10":"o","11":"y","12":"7","13":"l","14":"t","15":"o","16":"w","17":"i","18":"k","19":"l","2":"j","3":"k","4":"3","5":"y","6":"4","7":"7","8":"y","9":"1","level":"info","message":"Media deleted successfully from cloud storage","service":"identity-service","timestamp":"2025-07-25T11:46:07.371Z"}
{"level":"info","message":"Deletd media 68832452daedf5fc77af8770 assosciated with this post id:68833915e748e38fa311d2b0","service":"identity-service","timestamp":"2025-07-25T11:46:07.442Z"}
{"level":"info","message":"Process deletion of media for post id 68833915e748e38fa311d2b0","service":"identity-service","timestamp":"2025-07-25T11:46:07.442Z"}
{"level":"info","message":"Connected to RabbitMQ successfully","service":"identity-service","timestamp":"2025-07-25T11:51:28.906Z"}
{"level":"info","message":"Subscribed to event: post.deleted","service":"identity-service","timestamp":"2025-07-25T11:51:28.918Z"}
{"level":"info","message":"Media service is running on port: http://localhost:3003","service":"identity-service","timestamp":"2025-07-25T11:51:28.922Z"}
{"level":"info","message":"MongoDB Connected successfully","service":"identity-service","timestamp":"2025-07-25T11:51:29.781Z"}
{"0":"j","1":"l","10":"g","11":"r","12":"g","13":"e","14":"r","15":"8","16":"b","17":"v","18":"z","19":"g","2":"o","3":"k","4":"2","5":"c","6":"r","7":"t","8":"y","9":"m","level":"info","message":"Media deleted successfully from cloud storage","service":"identity-service","timestamp":"2025-07-25T11:55:37.355Z"}
{"level":"info","message":"Deletd media 68836dd9293f75b14239f159 assosciated with this post id:6883701dec5d553ef8ea048a","service":"identity-service","timestamp":"2025-07-25T11:55:37.424Z"}
{"level":"info","message":"Process deletion of media for post id 6883701dec5d553ef8ea048a","service":"identity-service","timestamp":"2025-07-25T11:55:37.424Z"}
{"level":"info","message":"Connected to RabbitMQ successfully","service":"identity-service","timestamp":"2025-07-25T12:03:31.486Z"}
{"level":"info","message":"Subscribed to event: post.deleted","service":"identity-service","timestamp":"2025-07-25T12:03:31.499Z"}
{"level":"info","message":"Media service is running on port: http://localhost:3003","service":"identity-service","timestamp":"2025-07-25T12:03:31.503Z"}
{"level":"info","message":"MongoDB Connected successfully","service":"identity-service","timestamp":"2025-07-25T12:03:32.200Z"}
{"level":"info","message":"Connected to RabbitMQ successfully","service":"identity-service","timestamp":"2025-07-25T12:15:06.125Z"}
{"level":"info","message":"Subscribed to event: post.deleted","service":"identity-service","timestamp":"2025-07-25T12:15:06.137Z"}
{"level":"info","message":"Media service is running on port: http://localhost:3003","service":"identity-service","timestamp":"2025-07-25T12:15:06.142Z"}
{"level":"info","message":"MongoDB Connected successfully","service":"identity-service","timestamp":"2025-07-25T12:15:07.295Z"}
{"level":"info","message":"Connected to RabbitMQ successfully","service":"identity-service","timestamp":"2025-07-25T12:16:10.220Z"}
{"level":"info","message":"Subscribed to event: post.deleted","service":"identity-service","timestamp":"2025-07-25T12:16:10.288Z"}
{"level":"info","message":"Media service is running on port: http://localhost:3003","service":"identity-service","timestamp":"2025-07-25T12:16:10.292Z"}
{"level":"info","message":"MongoDB Connected successfully","service":"identity-service","timestamp":"2025-07-25T12:16:11.095Z"}
{"level":"info","message":"Connected to RabbitMQ successfully","service":"identity-service","timestamp":"2025-07-25T12:17:25.658Z"}
{"level":"info","message":"Subscribed to event: post.deleted","service":"identity-service","timestamp":"2025-07-25T12:17:25.672Z"}
{"level":"info","message":"Media service is running on port: http://localhost:3003","service":"identity-service","timestamp":"2025-07-25T12:17:25.676Z"}
{"level":"info","message":"MongoDB Connected successfully","service":"identity-service","timestamp":"2025-07-25T12:17:26.700Z"}
{"level":"info","message":"Connected to RabbitMQ successfully","service":"identity-service","timestamp":"2025-07-25T12:19:25.051Z"}
{"level":"info","message":"Subscribed to event: post.deleted","service":"identity-service","timestamp":"2025-07-25T12:19:25.062Z"}
{"level":"info","message":"Media service is running on port: http://localhost:3003","service":"identity-service","timestamp":"2025-07-25T12:19:25.066Z"}
{"level":"info","message":"MongoDB Connected successfully","service":"identity-service","timestamp":"2025-07-25T12:19:25.713Z"}
{"level":"info","message":"Connected to RabbitMQ successfully","service":"identity-service","timestamp":"2025-07-25T13:16:52.219Z"}
{"level":"info","message":"Subscribed to event: post.deleted","service":"identity-service","timestamp":"2025-07-25T13:16:52.234Z"}
{"level":"info","message":"Media service is running on port: http://localhost:3003","service":"identity-service","timestamp":"2025-07-25T13:16:52.241Z"}
{"level":"info","message":"MongoDB Connected successfully","service":"identity-service","timestamp":"2025-07-25T13:16:53.004Z"}
{"level":"info","message":"Connected to RabbitMQ successfully","service":"identity-service","timestamp":"2025-07-26T06:33:48.660Z"}
{"level":"info","message":"Subscribed to event: post.deleted","service":"identity-service","timestamp":"2025-07-26T06:33:48.670Z"}
{"level":"info","message":"Media service is running on port: http://localhost:3003","service":"identity-service","timestamp":"2025-07-26T06:33:48.673Z"}
{"level":"info","message":"MongoDB Connected successfully","service":"identity-service","timestamp":"2025-07-26T06:33:50.448Z"}
