{"level":"info","message":"Identity service running on port: http://localhost:3002","service":"identity-service","timestamp":"2025-07-10T05:40:55.766Z"}
{"level":"info","message":"MongoDB Connected successfully","service":"identity-service","timestamp":"2025-07-10T05:40:56.881Z"}
{"level":"info","message":"Identity service running on port: http://localhost:3002","service":"identity-service","timestamp":"2025-07-10T06:44:33.259Z"}
{"level":"info","message":"MongoDB Connected successfully","service":"identity-service","timestamp":"2025-07-10T06:44:34.413Z"}
{"level":"info","message":"Received POST request to /api/posts/create-post ","service":"identity-service","timestamp":"2025-07-10T06:44:42.598Z"}
{"level":"info","message":"Request body {\"content\":\"Hello world\"}","service":"identity-service","timestamp":"2025-07-10T06:44:42.599Z"}
{"level":"error","message":"Error while creating a post Cannot read properties of undefined (reading 'userId')","service":"identity-service","stack":"TypeError: Cannot read properties of undefined (reading 'userId')\n    at createPost (C:\\Node Microservices\\SOCIAL-MEDIA-MICROSERVICES\\post-service\\src\\controller\\postController.js:8:20)\n    at Layer.handleRequest (C:\\Node Microservices\\SOCIAL-MEDIA-MICROSERVICES\\post-service\\node_modules\\router\\lib\\layer.js:152:17)\n    at next (C:\\Node Microservices\\SOCIAL-MEDIA-MICROSERVICES\\post-service\\node_modules\\router\\lib\\route.js:157:13)\n    at Route.dispatch (C:\\Node Microservices\\SOCIAL-MEDIA-MICROSERVICES\\post-service\\node_modules\\router\\lib\\route.js:117:3)\n    at handle (C:\\Node Microservices\\SOCIAL-MEDIA-MICROSERVICES\\post-service\\node_modules\\router\\index.js:435:11)\n    at Layer.handleRequest (C:\\Node Microservices\\SOCIAL-MEDIA-MICROSERVICES\\post-service\\node_modules\\router\\lib\\layer.js:152:17)\n    at C:\\Node Microservices\\SOCIAL-MEDIA-MICROSERVICES\\post-service\\node_modules\\router\\index.js:295:15\n    at processParams (C:\\Node Microservices\\SOCIAL-MEDIA-MICROSERVICES\\post-service\\node_modules\\router\\index.js:582:12)\n    at next (C:\\Node Microservices\\SOCIAL-MEDIA-MICROSERVICES\\post-service\\node_modules\\router\\index.js:291:5)\n    at Function.handle (C:\\Node Microservices\\SOCIAL-MEDIA-MICROSERVICES\\post-service\\node_modules\\router\\index.js:186:3)","timestamp":"2025-07-10T06:44:42.606Z"}
{"level":"info","message":"Received POST request to /api/posts/create-post ","service":"identity-service","timestamp":"2025-07-10T06:46:55.925Z"}
{"level":"info","message":"Request body {\"content\":\"Hello world\"}","service":"identity-service","timestamp":"2025-07-10T06:46:55.925Z"}
{"level":"error","message":"Error while creating a post Cannot read properties of undefined (reading 'userId')","service":"identity-service","stack":"TypeError: Cannot read properties of undefined (reading 'userId')\n    at createPost (C:\\Node Microservices\\SOCIAL-MEDIA-MICROSERVICES\\post-service\\src\\controller\\postController.js:8:20)\n    at Layer.handleRequest (C:\\Node Microservices\\SOCIAL-MEDIA-MICROSERVICES\\post-service\\node_modules\\router\\lib\\layer.js:152:17)\n    at next (C:\\Node Microservices\\SOCIAL-MEDIA-MICROSERVICES\\post-service\\node_modules\\router\\lib\\route.js:157:13)\n    at Route.dispatch (C:\\Node Microservices\\SOCIAL-MEDIA-MICROSERVICES\\post-service\\node_modules\\router\\lib\\route.js:117:3)\n    at handle (C:\\Node Microservices\\SOCIAL-MEDIA-MICROSERVICES\\post-service\\node_modules\\router\\index.js:435:11)\n    at Layer.handleRequest (C:\\Node Microservices\\SOCIAL-MEDIA-MICROSERVICES\\post-service\\node_modules\\router\\lib\\layer.js:152:17)\n    at C:\\Node Microservices\\SOCIAL-MEDIA-MICROSERVICES\\post-service\\node_modules\\router\\index.js:295:15\n    at processParams (C:\\Node Microservices\\SOCIAL-MEDIA-MICROSERVICES\\post-service\\node_modules\\router\\index.js:582:12)\n    at next (C:\\Node Microservices\\SOCIAL-MEDIA-MICROSERVICES\\post-service\\node_modules\\router\\index.js:291:5)\n    at Function.handle (C:\\Node Microservices\\SOCIAL-MEDIA-MICROSERVICES\\post-service\\node_modules\\router\\index.js:186:3)","timestamp":"2025-07-10T06:46:55.929Z"}
{"level":"info","message":"Identity service running on port: http://localhost:3002","service":"identity-service","timestamp":"2025-07-10T06:48:20.574Z"}
{"level":"info","message":"Identity service running on port: http://localhost:3002","service":"identity-service","timestamp":"2025-07-10T06:49:56.790Z"}
{"level":"info","message":"MongoDB Connected successfully","service":"identity-service","timestamp":"2025-07-10T06:49:57.975Z"}
{"level":"info","message":"Received POST request to /api/posts/create-post ","service":"identity-service","timestamp":"2025-07-10T06:50:37.972Z"}
{"level":"info","message":"Request body {\"content\":\"Hello world\"}","service":"identity-service","timestamp":"2025-07-10T06:50:37.973Z"}
{"level":"error","message":"Error while creating a post Cannot read properties of undefined (reading 'userId')","service":"identity-service","stack":"TypeError: Cannot read properties of undefined (reading 'userId')\n    at createPost (C:\\Node Microservices\\SOCIAL-MEDIA-MICROSERVICES\\post-service\\src\\controller\\postController.js:8:20)\n    at Layer.handleRequest (C:\\Node Microservices\\SOCIAL-MEDIA-MICROSERVICES\\post-service\\node_modules\\router\\lib\\layer.js:152:17)\n    at next (C:\\Node Microservices\\SOCIAL-MEDIA-MICROSERVICES\\post-service\\node_modules\\router\\lib\\route.js:157:13)\n    at Route.dispatch (C:\\Node Microservices\\SOCIAL-MEDIA-MICROSERVICES\\post-service\\node_modules\\router\\lib\\route.js:117:3)\n    at handle (C:\\Node Microservices\\SOCIAL-MEDIA-MICROSERVICES\\post-service\\node_modules\\router\\index.js:435:11)\n    at Layer.handleRequest (C:\\Node Microservices\\SOCIAL-MEDIA-MICROSERVICES\\post-service\\node_modules\\router\\lib\\layer.js:152:17)\n    at C:\\Node Microservices\\SOCIAL-MEDIA-MICROSERVICES\\post-service\\node_modules\\router\\index.js:295:15\n    at processParams (C:\\Node Microservices\\SOCIAL-MEDIA-MICROSERVICES\\post-service\\node_modules\\router\\index.js:582:12)\n    at next (C:\\Node Microservices\\SOCIAL-MEDIA-MICROSERVICES\\post-service\\node_modules\\router\\index.js:291:5)\n    at Function.handle (C:\\Node Microservices\\SOCIAL-MEDIA-MICROSERVICES\\post-service\\node_modules\\router\\index.js:186:3)","timestamp":"2025-07-10T06:50:37.987Z"}
{"level":"info","message":"Identity service running on port: http://localhost:3002","service":"identity-service","timestamp":"2025-07-10T07:02:48.426Z"}
{"level":"info","message":"MongoDB Connected successfully","service":"identity-service","timestamp":"2025-07-10T07:02:49.724Z"}
{"level":"info","message":"Received POST request to /api/posts/create-post ","service":"identity-service","timestamp":"2025-07-10T07:06:09.087Z"}
{"level":"info","message":"Request body {\"content\":\"Hello world\"}","service":"identity-service","timestamp":"2025-07-10T07:06:09.088Z"}
{"level":"error","message":"Error while creating a post Cannot read properties of undefined (reading 'userId')","service":"identity-service","stack":"TypeError: Cannot read properties of undefined (reading 'userId')\n    at createPost (C:\\Node Microservices\\SOCIAL-MEDIA-MICROSERVICES\\post-service\\src\\controller\\postController.js:8:20)\n    at Layer.handleRequest (C:\\Node Microservices\\SOCIAL-MEDIA-MICROSERVICES\\post-service\\node_modules\\router\\lib\\layer.js:152:17)\n    at next (C:\\Node Microservices\\SOCIAL-MEDIA-MICROSERVICES\\post-service\\node_modules\\router\\lib\\route.js:157:13)\n    at Route.dispatch (C:\\Node Microservices\\SOCIAL-MEDIA-MICROSERVICES\\post-service\\node_modules\\router\\lib\\route.js:117:3)\n    at handle (C:\\Node Microservices\\SOCIAL-MEDIA-MICROSERVICES\\post-service\\node_modules\\router\\index.js:435:11)\n    at Layer.handleRequest (C:\\Node Microservices\\SOCIAL-MEDIA-MICROSERVICES\\post-service\\node_modules\\router\\lib\\layer.js:152:17)\n    at C:\\Node Microservices\\SOCIAL-MEDIA-MICROSERVICES\\post-service\\node_modules\\router\\index.js:295:15\n    at processParams (C:\\Node Microservices\\SOCIAL-MEDIA-MICROSERVICES\\post-service\\node_modules\\router\\index.js:582:12)\n    at next (C:\\Node Microservices\\SOCIAL-MEDIA-MICROSERVICES\\post-service\\node_modules\\router\\index.js:291:5)\n    at Function.handle (C:\\Node Microservices\\SOCIAL-MEDIA-MICROSERVICES\\post-service\\node_modules\\router\\index.js:186:3)","timestamp":"2025-07-10T07:06:09.096Z"}
{"level":"info","message":"Received POST request to /api/posts/create-post ","service":"identity-service","timestamp":"2025-07-10T07:08:16.396Z"}
{"level":"info","message":"Request body {\"content\":\"Hello world\"}","service":"identity-service","timestamp":"2025-07-10T07:08:16.398Z"}
{"level":"warn","message":"Sensitive enp point  rate limit exceeded for IP: ::1","service":"identity-service","timestamp":"2025-07-10T07:08:16.401Z"}
{"level":"info","message":"Received POST request to /api/posts/create-post ","service":"identity-service","timestamp":"2025-07-10T07:08:30.463Z"}
{"level":"info","message":"Request body {\"content\":\"Hello world\"}","service":"identity-service","timestamp":"2025-07-10T07:08:30.465Z"}
{"level":"warn","message":"Sensitive enp point  rate limit exceeded for IP: ::1","service":"identity-service","timestamp":"2025-07-10T07:08:30.468Z"}
{"level":"info","message":"Received POST request to /api/posts/create-post ","service":"identity-service","timestamp":"2025-07-10T07:08:32.089Z"}
{"level":"info","message":"Request body {\"content\":\"Hello world\"}","service":"identity-service","timestamp":"2025-07-10T07:08:32.089Z"}
{"level":"warn","message":"Sensitive enp point  rate limit exceeded for IP: ::1","service":"identity-service","timestamp":"2025-07-10T07:08:32.091Z"}
{"level":"info","message":"Received POST request to /api/posts/create-post ","service":"identity-service","timestamp":"2025-07-10T07:13:48.627Z"}
{"level":"info","message":"Request body {\"content\":\"Hello world\"}","service":"identity-service","timestamp":"2025-07-10T07:13:48.628Z"}
{"level":"warn","message":"Sensitive enp point  rate limit exceeded for IP: ::1","service":"identity-service","timestamp":"2025-07-10T07:13:48.631Z"}
{"level":"info","message":"Identity service running on port: http://localhost:3002","service":"identity-service","timestamp":"2025-07-10T07:14:14.256Z"}
{"level":"info","message":"MongoDB Connected successfully","service":"identity-service","timestamp":"2025-07-10T07:14:16.007Z"}
{"level":"info","message":"Identity service running on port: http://localhost:3002","service":"identity-service","timestamp":"2025-07-10T07:14:27.989Z"}
{"level":"info","message":"MongoDB Connected successfully","service":"identity-service","timestamp":"2025-07-10T07:14:28.847Z"}
{"level":"info","message":"Received POST request to /api/posts/create-post ","service":"identity-service","timestamp":"2025-07-10T07:14:29.612Z"}
{"level":"info","message":"Request body {\"content\":\"Hello world\"}","service":"identity-service","timestamp":"2025-07-10T07:14:29.613Z"}
{"level":"error","message":"Error while creating a post Cannot read properties of undefined (reading 'userId')","service":"identity-service","stack":"TypeError: Cannot read properties of undefined (reading 'userId')\n    at createPost (C:\\Node Microservices\\SOCIAL-MEDIA-MICROSERVICES\\post-service\\src\\controller\\postController.js:8:20)\n    at Layer.handleRequest (C:\\Node Microservices\\SOCIAL-MEDIA-MICROSERVICES\\post-service\\node_modules\\router\\lib\\layer.js:152:17)\n    at next (C:\\Node Microservices\\SOCIAL-MEDIA-MICROSERVICES\\post-service\\node_modules\\router\\lib\\route.js:157:13)\n    at Route.dispatch (C:\\Node Microservices\\SOCIAL-MEDIA-MICROSERVICES\\post-service\\node_modules\\router\\lib\\route.js:117:3)\n    at handle (C:\\Node Microservices\\SOCIAL-MEDIA-MICROSERVICES\\post-service\\node_modules\\router\\index.js:435:11)\n    at Layer.handleRequest (C:\\Node Microservices\\SOCIAL-MEDIA-MICROSERVICES\\post-service\\node_modules\\router\\lib\\layer.js:152:17)\n    at C:\\Node Microservices\\SOCIAL-MEDIA-MICROSERVICES\\post-service\\node_modules\\router\\index.js:295:15\n    at processParams (C:\\Node Microservices\\SOCIAL-MEDIA-MICROSERVICES\\post-service\\node_modules\\router\\index.js:582:12)\n    at next (C:\\Node Microservices\\SOCIAL-MEDIA-MICROSERVICES\\post-service\\node_modules\\router\\index.js:291:5)\n    at Function.handle (C:\\Node Microservices\\SOCIAL-MEDIA-MICROSERVICES\\post-service\\node_modules\\router\\index.js:186:3)","timestamp":"2025-07-10T07:14:29.621Z"}
{"level":"info","message":"Identity service running on port: http://localhost:3002","service":"identity-service","timestamp":"2025-07-10T07:16:56.667Z"}
{"level":"info","message":"Identity service running on port: http://localhost:3002","service":"identity-service","timestamp":"2025-07-10T07:16:58.533Z"}
{"level":"info","message":"MongoDB Connected successfully","service":"identity-service","timestamp":"2025-07-10T07:17:01.479Z"}
{"level":"info","message":"Identity service running on port: http://localhost:3002","service":"identity-service","timestamp":"2025-07-10T07:17:50.839Z"}
{"level":"info","message":"Identity service running on port: http://localhost:3002","service":"identity-service","timestamp":"2025-07-10T07:17:53.106Z"}
{"level":"info","message":"MongoDB Connected successfully","service":"identity-service","timestamp":"2025-07-10T07:17:53.900Z"}
{"level":"info","message":"Received POST request to /api/posts/create-post ","service":"identity-service","timestamp":"2025-07-10T07:18:17.326Z"}
{"level":"info","message":"Request body {\"content\":\"Hello world\"}","service":"identity-service","timestamp":"2025-07-10T07:18:17.328Z"}
{"level":"info","message":"Post created successfully","service":"identity-service","timestamp":"2025-07-10T07:18:17.440Z"}
{"level":"info","message":"Post created by user: 686be570a7c0dbc708e1ed38","service":"identity-service","timestamp":"2025-07-10T07:18:17.447Z"}
{"level":"info","message":"Identity service running on port: http://localhost:3002","service":"identity-service","timestamp":"2025-07-10T10:52:21.378Z"}
{"level":"info","message":"MongoDB Connected successfully","service":"identity-service","timestamp":"2025-07-10T10:52:23.032Z"}
{"level":"info","message":"Received POST request to /api/posts/create-post ","service":"identity-service","timestamp":"2025-07-10T10:53:58.486Z"}
{"level":"info","message":"Request body {\"content\":\"Good day\"}","service":"identity-service","timestamp":"2025-07-10T10:53:58.486Z"}
{"level":"info","message":"Post created successfully","service":"identity-service","timestamp":"2025-07-10T10:53:58.577Z"}
{"level":"info","message":"Post created by user: 686be570a7c0dbc708e1ed38","service":"identity-service","timestamp":"2025-07-10T10:53:58.580Z"}
{"level":"info","message":"Received POST request to /api/posts/create-post ","service":"identity-service","timestamp":"2025-07-10T10:54:13.334Z"}
{"level":"info","message":"Request body {\"content\":\"hloo how are you\"}","service":"identity-service","timestamp":"2025-07-10T10:54:13.335Z"}
{"level":"info","message":"Post created successfully","service":"identity-service","timestamp":"2025-07-10T10:54:13.407Z"}
{"level":"info","message":"Post created by user: 686be570a7c0dbc708e1ed38","service":"identity-service","timestamp":"2025-07-10T10:54:13.409Z"}
{"level":"info","message":"Received POST request to /api/posts/create-post ","service":"identity-service","timestamp":"2025-07-10T10:56:50.250Z"}
{"level":"info","message":"Request body {\"content\":\"hloo how are you\"}","service":"identity-service","timestamp":"2025-07-10T10:56:50.250Z"}
{"level":"info","message":"Post created successfully","service":"identity-service","timestamp":"2025-07-10T10:56:50.329Z"}
{"level":"info","message":"Post created by user: 686f9c432c5b96cc5b6dbbbc","service":"identity-service","timestamp":"2025-07-10T10:56:50.330Z"}
{"level":"info","message":"Received POST request to /api/posts/create-post ","service":"identity-service","timestamp":"2025-07-10T10:57:04.537Z"}
{"level":"info","message":"Request body {\"content\":\"hiii how are you\"}","service":"identity-service","timestamp":"2025-07-10T10:57:04.537Z"}
{"level":"info","message":"Post created successfully","service":"identity-service","timestamp":"2025-07-10T10:57:04.614Z"}
{"level":"info","message":"Post created by user: 686f9c432c5b96cc5b6dbbbc","service":"identity-service","timestamp":"2025-07-10T10:57:04.615Z"}
{"level":"info","message":"Received POST request to /api/posts/create-post ","service":"identity-service","timestamp":"2025-07-10T10:57:21.267Z"}
{"level":"info","message":"Request body {\"content\":\"Preaky blinder\"}","service":"identity-service","timestamp":"2025-07-10T10:57:21.267Z"}
{"level":"info","message":"Post created successfully","service":"identity-service","timestamp":"2025-07-10T10:57:21.331Z"}
{"level":"info","message":"Post created by user: 686f9c432c5b96cc5b6dbbbc","service":"identity-service","timestamp":"2025-07-10T10:57:21.332Z"}
{"level":"info","message":"Received GET request to /api/posts/get-all-posts ","service":"identity-service","timestamp":"2025-07-10T10:58:51.114Z"}
{"level":"info","message":"Request body {}","service":"identity-service","timestamp":"2025-07-10T10:58:51.114Z"}
{"command":{"args":["posts:1: 10"],"name":"setex"},"level":"error","message":"Error while fetching posts ERR wrong number of arguments for 'setex' command","service":"identity-service","stack":"ReplyError: ERR wrong number of arguments for 'setex' command\n    at parseError (C:\\Node Microservices\\SOCIAL-MEDIA-MICROSERVICES\\post-service\\node_modules\\redis-parser\\lib\\parser.js:179:12)\n    at parseType (C:\\Node Microservices\\SOCIAL-MEDIA-MICROSERVICES\\post-service\\node_modules\\redis-parser\\lib\\parser.js:302:14)","timestamp":"2025-07-10T10:58:51.422Z"}
{"level":"info","message":"Identity service running on port: http://localhost:3002","service":"identity-service","timestamp":"2025-07-10T11:00:29.672Z"}
{"level":"info","message":"MongoDB Connected successfully","service":"identity-service","timestamp":"2025-07-10T11:00:31.094Z"}
{"level":"info","message":"Received GET request to /api/posts/get-all-posts ","service":"identity-service","timestamp":"2025-07-10T11:00:52.406Z"}
{"level":"info","message":"Request body {}","service":"identity-service","timestamp":"2025-07-10T11:00:52.407Z"}
{"level":"info","message":"Received GET request to /api/posts/get-all-posts ","service":"identity-service","timestamp":"2025-07-10T11:01:30.284Z"}
{"level":"info","message":"Request body {}","service":"identity-service","timestamp":"2025-07-10T11:01:30.285Z"}
{"level":"info","message":"Received GET request to /api/posts/get-all-posts ","service":"identity-service","timestamp":"2025-07-10T11:01:41.096Z"}
{"level":"info","message":"Request body {}","service":"identity-service","timestamp":"2025-07-10T11:01:41.096Z"}
{"level":"info","message":"Received GET request to /api/posts/get-all-posts ","service":"identity-service","timestamp":"2025-07-10T11:01:42.137Z"}
{"level":"info","message":"Request body {}","service":"identity-service","timestamp":"2025-07-10T11:01:42.138Z"}
{"level":"info","message":"Received GET request to /api/posts/get-all-posts ","service":"identity-service","timestamp":"2025-07-10T11:01:43.065Z"}
{"level":"info","message":"Request body {}","service":"identity-service","timestamp":"2025-07-10T11:01:43.065Z"}
{"level":"info","message":"Received GET request to /api/posts/get-all-posts ","service":"identity-service","timestamp":"2025-07-10T11:01:44.120Z"}
{"level":"info","message":"Request body {}","service":"identity-service","timestamp":"2025-07-10T11:01:44.120Z"}
{"level":"info","message":"Received GET request to /api/posts/get-all-posts ","service":"identity-service","timestamp":"2025-07-10T11:01:45.078Z"}
{"level":"info","message":"Request body {}","service":"identity-service","timestamp":"2025-07-10T11:01:45.078Z"}
{"level":"info","message":"Received POST request to /api/posts/get-all-posts ","service":"identity-service","timestamp":"2025-07-10T11:06:55.744Z"}
{"level":"info","message":"Request body {\"query\":\"\\n    query IntrospectionQuery {\\n      __schema {\\n        \\n        queryType { name }\\n        mutationType { name }\\n        subscriptionType { name }\\n        types {\\n          ...FullType\\n        }\\n        directives {\\n          name\\n          description\\n          \\n          locations\\n          args {\\n            ...InputValue\\n          }\\n        }\\n      }\\n    }\\n\\n    fragment FullType on __Type {\\n      kind\\n      name\\n      description\\n      \\n      fields(includeDeprecated: true) {\\n        name\\n        description\\n        args {\\n          ...InputValue\\n        }\\n        type {\\n          ...TypeRef\\n        }\\n        isDeprecated\\n        deprecationReason\\n      }\\n      inputFields {\\n        ...InputValue\\n      }\\n      interfaces {\\n        ...TypeRef\\n      }\\n      enumValues(includeDeprecated: true) {\\n        name\\n        description\\n        isDeprecated\\n        deprecationReason\\n      }\\n      possibleTypes {\\n        ...TypeRef\\n      }\\n    }\\n\\n    fragment InputValue on __InputValue {\\n      name\\n      description\\n      type { ...TypeRef }\\n      defaultValue\\n      \\n      \\n    }\\n\\n    fragment TypeRef on __Type {\\n      kind\\n      name\\n      ofType {\\n        kind\\n        name\\n        ofType {\\n          kind\\n          name\\n          ofType {\\n            kind\\n            name\\n            ofType {\\n              kind\\n              name\\n              ofType {\\n                kind\\n                name\\n                ofType {\\n                  kind\\n                  name\\n                  ofType {\\n                    kind\\n                    name\\n                  }\\n                }\\n              }\\n            }\\n          }\\n        }\\n      }\\n    }\\n  \"}","service":"identity-service","timestamp":"2025-07-10T11:06:55.745Z"}
{"level":"info","message":"Received POST request to /api/posts/get-all-posts ","service":"identity-service","timestamp":"2025-07-10T11:06:55.835Z"}
{"level":"info","message":"Request body {\"query\":\"\\n    query IntrospectionQuery {\\n      __schema {\\n        \\n        queryType { name }\\n        mutationType { name }\\n        subscriptionType { name }\\n        types {\\n          ...FullType\\n        }\\n        directives {\\n          name\\n          description\\n          \\n          locations\\n          args {\\n            ...InputValue\\n          }\\n        }\\n      }\\n    }\\n\\n    fragment FullType on __Type {\\n      kind\\n      name\\n      description\\n      \\n      fields(includeDeprecated: true) {\\n        name\\n        description\\n        args {\\n          ...InputValue\\n        }\\n        type {\\n          ...TypeRef\\n        }\\n        isDeprecated\\n        deprecationReason\\n      }\\n      inputFields {\\n        ...InputValue\\n      }\\n      interfaces {\\n        ...TypeRef\\n      }\\n      enumValues(includeDeprecated: true) {\\n        name\\n        description\\n        isDeprecated\\n        deprecationReason\\n      }\\n      possibleTypes {\\n        ...TypeRef\\n      }\\n    }\\n\\n    fragment InputValue on __InputValue {\\n      name\\n      description\\n      type { ...TypeRef }\\n      defaultValue\\n      \\n      \\n    }\\n\\n    fragment TypeRef on __Type {\\n      kind\\n      name\\n      ofType {\\n        kind\\n        name\\n        ofType {\\n          kind\\n          name\\n          ofType {\\n            kind\\n            name\\n            ofType {\\n              kind\\n              name\\n              ofType {\\n                kind\\n                name\\n                ofType {\\n                  kind\\n                  name\\n                  ofType {\\n                    kind\\n                    name\\n                  }\\n                }\\n              }\\n            }\\n          }\\n        }\\n      }\\n    }\\n  \"}","service":"identity-service","timestamp":"2025-07-10T11:06:55.835Z"}
{"level":"info","message":"Received GET request to /api/posts/get-all-posts?page=2&limit=2 ","service":"identity-service","timestamp":"2025-07-10T11:08:21.815Z"}
{"level":"info","message":"Request body {}","service":"identity-service","timestamp":"2025-07-10T11:08:21.816Z"}
{"level":"info","message":"Received GET request to /api/posts/get-all-posts?page=1&limit=2 ","service":"identity-service","timestamp":"2025-07-10T11:09:15.607Z"}
{"level":"info","message":"Request body {}","service":"identity-service","timestamp":"2025-07-10T11:09:15.607Z"}
{"level":"info","message":"Received GET request to /api/posts/get-all-posts?page=1&limit=2 ","service":"identity-service","timestamp":"2025-07-10T11:09:28.159Z"}
{"level":"info","message":"Request body {}","service":"identity-service","timestamp":"2025-07-10T11:09:28.160Z"}
{"level":"info","message":"Received GET request to /api/posts/get-all-posts?page=2&limit=2 ","service":"identity-service","timestamp":"2025-07-10T11:09:40.332Z"}
{"level":"info","message":"Request body {}","service":"identity-service","timestamp":"2025-07-10T11:09:40.332Z"}
{"level":"info","message":"Received GET request to /api/posts/get-all-posts?page=3&limit=2 ","service":"identity-service","timestamp":"2025-07-10T11:09:54.276Z"}
{"level":"info","message":"Request body {}","service":"identity-service","timestamp":"2025-07-10T11:09:54.276Z"}
{"level":"info","message":"Identity service running on port: http://localhost:3002","service":"identity-service","timestamp":"2025-07-10T11:17:28.912Z"}
{"level":"info","message":"Identity service running on port: http://localhost:3002","service":"identity-service","timestamp":"2025-07-10T11:17:32.617Z"}
{"level":"info","message":"MongoDB Connected successfully","service":"identity-service","timestamp":"2025-07-10T11:17:33.627Z"}
{"level":"info","message":"Identity service running on port: http://localhost:3002","service":"identity-service","timestamp":"2025-07-10T11:23:45.580Z"}
{"level":"info","message":"MongoDB Connected successfully","service":"identity-service","timestamp":"2025-07-10T11:23:46.764Z"}
{"level":"info","message":"Received POST request to /api/posts/create-post ","service":"identity-service","timestamp":"2025-07-10T11:23:53.222Z"}
{"level":"info","message":"Request body {\"content\":\"hard word\"}","service":"identity-service","timestamp":"2025-07-10T11:23:53.223Z"}
{"level":"info","message":"Post created successfully","service":"identity-service","timestamp":"2025-07-10T11:23:53.315Z"}
{"level":"info","message":"Post created by user: 686f9c432c5b96cc5b6dbbbc","service":"identity-service","timestamp":"2025-07-10T11:23:53.318Z"}
{"level":"info","message":"Received GET request to /api/posts/get-all-posts?page=3&limit=2 ","service":"identity-service","timestamp":"2025-07-10T11:24:07.255Z"}
{"level":"info","message":"Request body {}","service":"identity-service","timestamp":"2025-07-10T11:24:07.256Z"}
{"level":"info","message":"Received POST request to /api/posts/create-post ","service":"identity-service","timestamp":"2025-07-10T11:24:23.837Z"}
{"level":"info","message":"Request body {\"content\":\"smart word\"}","service":"identity-service","timestamp":"2025-07-10T11:24:23.838Z"}
{"level":"info","message":"Post created successfully","service":"identity-service","timestamp":"2025-07-10T11:24:23.907Z"}
{"level":"info","message":"Post created by user: 686f9c432c5b96cc5b6dbbbc","service":"identity-service","timestamp":"2025-07-10T11:24:23.908Z"}
{"level":"info","message":"Received GET request to /api/posts/get-all-posts?page=3&limit=2 ","service":"identity-service","timestamp":"2025-07-10T11:24:28.726Z"}
{"level":"info","message":"Request body {}","service":"identity-service","timestamp":"2025-07-10T11:24:28.726Z"}
{"level":"info","message":"Received GET request to /api/posts/get-all-posts?page=3&limit=2 ","service":"identity-service","timestamp":"2025-07-10T11:24:31.533Z"}
{"level":"info","message":"Request body {}","service":"identity-service","timestamp":"2025-07-10T11:24:31.533Z"}
{"level":"info","message":"Received GET request to /api/posts/get-all-posts?page=3&limit=2 ","service":"identity-service","timestamp":"2025-07-10T11:24:33.055Z"}
{"level":"info","message":"Request body {}","service":"identity-service","timestamp":"2025-07-10T11:24:33.056Z"}
