{"level":"info","message":"Identity service running on port: http://localhost:3001","service":"identity-service","timestamp":"2025-07-04T04:57:52.141Z"}
{"level":"info","message":"MongoDB Connected: ac-r3z1lsf-shard-00-00.ionqsxp.mongodb.net","service":"identity-service","timestamp":"2025-07-04T04:57:53.098Z"}
{"level":"info","message":"Identity service running on port: http://localhost:3001","service":"identity-service","timestamp":"2025-07-04T04:58:39.889Z"}
{"level":"info","message":"MongoDB Connected: ac-r3z1lsf-shard-00-00.ionqsxp.mongodb.net","service":"identity-service","timestamp":"2025-07-04T04:58:41.898Z"}
{"level":"info","message":"Identity service running on port: http://localhost:3001","service":"identity-service","timestamp":"2025-07-04T04:59:09.890Z"}
{"level":"info","message":"Identity service running on port: http://localhost:3001","service":"identity-service","timestamp":"2025-07-04T05:04:53.106Z"}
{"code":"EREFUSED","hostname":"cluster0.ionqsxp.mongodb.net","level":"error","message":"MongoDB connection error queryTxt EREFUSED cluster0.ionqsxp.mongodb.net","service":"identity-service","stack":"Error: queryTxt EREFUSED cluster0.ionqsxp.mongodb.net\n    at QueryReqWrap.onresolve [as oncomplete] (node:internal/dns/promises:293:17)","syscall":"queryTxt","timestamp":"2025-07-04T05:04:53.204Z"}
{"level":"info","message":"Identity service running on port: http://localhost:3001","service":"identity-service","timestamp":"2025-07-04T05:05:46.865Z"}
{"level":"info","message":"MongoDB Connected to: ac-r3z1lsf-shard-00-01.ionqsxp.mongodb.net","service":"identity-service","timestamp":"2025-07-04T05:05:47.798Z"}
{"level":"info","message":"Identity service running on port: http://localhost:3001","service":"identity-service","timestamp":"2025-07-04T05:06:56.962Z"}
{"level":"info","message":"MongoDB Connected successfully","service":"identity-service","timestamp":"2025-07-04T05:06:57.963Z"}
{"level":"error","message":"TypeError: req.method is not a function\n    at C:\\Node Microservices\\SOCIAL-MEDIA-MICROSERVICES\\identity-service\\src\\server.js:28:31\n    at Layer.handleRequest (C:\\Node Microservices\\SOCIAL-MEDIA-MICROSERVICES\\identity-service\\node_modules\\router\\lib\\layer.js:152:17)\n    at trimPrefix (C:\\Node Microservices\\SOCIAL-MEDIA-MICROSERVICES\\identity-service\\node_modules\\router\\index.js:342:13)\n    at C:\\Node Microservices\\SOCIAL-MEDIA-MICROSERVICES\\identity-service\\node_modules\\router\\index.js:297:9\n    at processParams (C:\\Node Microservices\\SOCIAL-MEDIA-MICROSERVICES\\identity-service\\node_modules\\router\\index.js:582:12)\n    at next (C:\\Node Microservices\\SOCIAL-MEDIA-MICROSERVICES\\identity-service\\node_modules\\router\\index.js:291:5)\n    at C:\\Node Microservices\\SOCIAL-MEDIA-MICROSERVICES\\identity-service\\node_modules\\body-parser\\lib\\read.js:132:5\n    at AsyncResource.runInAsyncScope (node:async_hooks:211:14)\n    at invokeCallback (C:\\Node Microservices\\SOCIAL-MEDIA-MICROSERVICES\\identity-service\\node_modules\\raw-body\\index.js:238:16)\n    at done (C:\\Node Microservices\\SOCIAL-MEDIA-MICROSERVICES\\identity-service\\node_modules\\raw-body\\index.js:227:7)","service":"identity-service","timestamp":"2025-07-04T05:18:51.793Z"}
{"level":"info","message":"Identity service running on port: http://localhost:3001","service":"identity-service","timestamp":"2025-07-04T05:21:46.276Z"}
{"level":"info","message":"MongoDB Connected successfully","service":"identity-service","timestamp":"2025-07-04T05:21:47.232Z"}
{"level":"info","message":"Received POST request to /api/auth/register ","service":"identity-service","timestamp":"2025-07-04T05:21:51.314Z"}
{"level":"error","message":"TypeError: req.body is not a function\n    at C:\\Node Microservices\\SOCIAL-MEDIA-MICROSERVICES\\identity-service\\src\\server.js:29:35\n    at Layer.handleRequest (C:\\Node Microservices\\SOCIAL-MEDIA-MICROSERVICES\\identity-service\\node_modules\\router\\lib\\layer.js:152:17)\n    at trimPrefix (C:\\Node Microservices\\SOCIAL-MEDIA-MICROSERVICES\\identity-service\\node_modules\\router\\index.js:342:13)\n    at C:\\Node Microservices\\SOCIAL-MEDIA-MICROSERVICES\\identity-service\\node_modules\\router\\index.js:297:9\n    at processParams (C:\\Node Microservices\\SOCIAL-MEDIA-MICROSERVICES\\identity-service\\node_modules\\router\\index.js:582:12)\n    at next (C:\\Node Microservices\\SOCIAL-MEDIA-MICROSERVICES\\identity-service\\node_modules\\router\\index.js:291:5)\n    at C:\\Node Microservices\\SOCIAL-MEDIA-MICROSERVICES\\identity-service\\node_modules\\body-parser\\lib\\read.js:132:5\n    at AsyncResource.runInAsyncScope (node:async_hooks:211:14)\n    at invokeCallback (C:\\Node Microservices\\SOCIAL-MEDIA-MICROSERVICES\\identity-service\\node_modules\\raw-body\\index.js:238:16)\n    at done (C:\\Node Microservices\\SOCIAL-MEDIA-MICROSERVICES\\identity-service\\node_modules\\raw-body\\index.js:227:7)","service":"identity-service","timestamp":"2025-07-04T05:21:51.315Z"}
{"level":"info","message":"Identity service running on port: http://localhost:3001","service":"identity-service","timestamp":"2025-07-04T05:22:01.821Z"}
{"level":"info","message":"MongoDB Connected successfully","service":"identity-service","timestamp":"2025-07-04T05:22:02.677Z"}
{"level":"info","message":"Received POST request to /api/auth/register ","service":"identity-service","timestamp":"2025-07-04T05:22:06.483Z"}
{"level":"info","message":"Request body [object Object]","service":"identity-service","timestamp":"2025-07-04T05:22:06.484Z"}
{"level":"info","message":"Registration endpoint hit....","service":"identity-service","timestamp":"2025-07-04T05:22:06.583Z"}
{"0":"\"","1":"e","10":"s","11":"t","12":" ","13":"b","14":"e","15":" ","16":"a","17":" ","18":"v","19":"a","2":"m","20":"l","21":"i","22":"d","23":" ","24":"e","25":"m","26":"a","27":"i","28":"l","3":"a","4":"i","5":"l","6":"\"","7":" ","8":"m","9":"u","level":"warn","message":"validation error","service":"identity-service","timestamp":"2025-07-04T05:22:06.599Z"}
{"level":"info","message":"Received POST request to /api/auth/register ","service":"identity-service","timestamp":"2025-07-04T05:22:32.820Z"}
{"level":"info","message":"Request body [object Object]","service":"identity-service","timestamp":"2025-07-04T05:22:32.844Z"}
{"level":"info","message":"Registration endpoint hit....","service":"identity-service","timestamp":"2025-07-04T05:22:32.851Z"}
{"level":"error","message":"Registration error occured First argument to `Model` constructor must be an object, **not** a string. Make sure you're calling `mongoose.model()`, not `mongoose.Model()`.","service":"identity-service","stack":"TypeError: First argument to `Model` constructor must be an object, **not** a string. Make sure you're calling `mongoose.model()`, not `mongoose.Model()`.\n    at model.Model (C:\\Node Microservices\\SOCIAL-MEDIA-MICROSERVICES\\identity-service\\node_modules\\mongoose\\lib\\model.js:123:11)\n    at new model (C:\\Node Microservices\\SOCIAL-MEDIA-MICROSERVICES\\identity-service\\node_modules\\mongoose\\lib\\model.js:4836:15)\n    at registerUser (C:\\Node Microservices\\SOCIAL-MEDIA-MICROSERVICES\\identity-service\\src\\controllers\\identity-controller.js:29:12)\n    at process.processTicksAndRejections (node:internal/process/task_queues:105:5)","timestamp":"2025-07-04T05:22:32.937Z"}
{"level":"info","message":"Identity service running on port: http://localhost:3001","service":"identity-service","timestamp":"2025-07-04T05:24:34.167Z"}
{"level":"info","message":"MongoDB Connected successfully","service":"identity-service","timestamp":"2025-07-04T05:24:36.076Z"}
{"level":"info","message":"Identity service running on port: http://localhost:3001","service":"identity-service","timestamp":"2025-07-04T05:24:39.197Z"}
{"level":"info","message":"MongoDB Connected successfully","service":"identity-service","timestamp":"2025-07-04T05:24:39.920Z"}
{"level":"info","message":"Identity service running on port: http://localhost:3001","service":"identity-service","timestamp":"2025-07-04T05:25:54.425Z"}
{"level":"info","message":"MongoDB Connected successfully","service":"identity-service","timestamp":"2025-07-04T05:25:55.467Z"}
{"level":"info","message":"Received POST request to /api/auth/register ","service":"identity-service","timestamp":"2025-07-04T05:25:56.424Z"}
{"level":"info","message":"Request body [object Object]","service":"identity-service","timestamp":"2025-07-04T05:25:56.425Z"}
{"level":"info","message":"Registration endpoint hit....","service":"identity-service","timestamp":"2025-07-04T05:25:56.435Z"}
{"level":"error","message":"Registration error occured First argument to `Model` constructor must be an object, **not** a string. Make sure you're calling `mongoose.model()`, not `mongoose.Model()`.","service":"identity-service","stack":"TypeError: First argument to `Model` constructor must be an object, **not** a string. Make sure you're calling `mongoose.model()`, not `mongoose.Model()`.\n    at model.Model (C:\\Node Microservices\\SOCIAL-MEDIA-MICROSERVICES\\identity-service\\node_modules\\mongoose\\lib\\model.js:123:11)\n    at new model (C:\\Node Microservices\\SOCIAL-MEDIA-MICROSERVICES\\identity-service\\node_modules\\mongoose\\lib\\model.js:4836:15)\n    at registerUser (C:\\Node Microservices\\SOCIAL-MEDIA-MICROSERVICES\\identity-service\\src\\controllers\\identity-controller.js:29:12)\n    at process.processTicksAndRejections (node:internal/process/task_queues:105:5)","timestamp":"2025-07-04T05:25:56.517Z"}
{"level":"info","message":"Identity service running on port: http://localhost:3001","service":"identity-service","timestamp":"2025-07-04T05:27:23.420Z"}
{"level":"info","message":"MongoDB Connected successfully","service":"identity-service","timestamp":"2025-07-04T05:27:24.260Z"}
{"level":"info","message":"Identity service running on port: http://localhost:3001","service":"identity-service","timestamp":"2025-07-04T05:30:51.254Z"}
{"level":"info","message":"MongoDB Connected successfully","service":"identity-service","timestamp":"2025-07-04T05:30:53.075Z"}
{"level":"info","message":"Identity service running on port: http://localhost:3001","service":"identity-service","timestamp":"2025-07-04T05:32:01.198Z"}
{"level":"info","message":"Identity service running on port: http://localhost:3001","service":"identity-service","timestamp":"2025-07-04T05:32:02.823Z"}
{"level":"info","message":"MongoDB Connected successfully","service":"identity-service","timestamp":"2025-07-04T05:32:03.807Z"}
{"level":"info","message":"Received POST request to /api/auth/register ","service":"identity-service","timestamp":"2025-07-04T05:32:07.414Z"}
{"level":"info","message":"Request body [object Object]","service":"identity-service","timestamp":"2025-07-04T05:32:07.415Z"}
{"level":"info","message":"Registration endpoint hit....","service":"identity-service","timestamp":"2025-07-04T05:32:07.423Z"}
{"buffer":{"data":[104,103,103,87,19,103,45,214,75,173,32,20],"type":"Buffer"},"level":"warn","message":"User saved successfully","service":"identity-service","timestamp":"2025-07-04T05:32:07.719Z"}
{"level":"error","message":"Registration error occured refreshToken.create is not a function","service":"identity-service","stack":"TypeError: refreshToken.create is not a function\n    at generateTokens (C:\\Node Microservices\\SOCIAL-MEDIA-MICROSERVICES\\identity-service\\src\\utils\\generateTokens.js:22:22)\n    at registerUser (C:\\Node Microservices\\SOCIAL-MEDIA-MICROSERVICES\\identity-service\\src\\controllers\\identity-controller.js:33:47)\n    at process.processTicksAndRejections (node:internal/process/task_queues:105:5)","timestamp":"2025-07-04T05:32:07.726Z"}
{"level":"info","message":"Received POST request to /api/auth/register ","service":"identity-service","timestamp":"2025-07-04T05:32:21.405Z"}
{"level":"info","message":"Request body [object Object]","service":"identity-service","timestamp":"2025-07-04T05:32:21.406Z"}
{"level":"info","message":"Registration endpoint hit....","service":"identity-service","timestamp":"2025-07-04T05:32:21.410Z"}
{"level":"warn","message":"User already exists please login","service":"identity-service","timestamp":"2025-07-04T05:32:21.501Z"}
{"level":"info","message":"Received POST request to /api/auth/register ","service":"identity-service","timestamp":"2025-07-04T05:32:43.375Z"}
{"level":"info","message":"Request body [object Object]","service":"identity-service","timestamp":"2025-07-04T05:32:43.375Z"}
{"level":"info","message":"Registration endpoint hit....","service":"identity-service","timestamp":"2025-07-04T05:32:43.379Z"}
{"buffer":{"data":[104,103,103,123,19,103,45,214,75,173,32,24],"type":"Buffer"},"level":"warn","message":"User saved successfully","service":"identity-service","timestamp":"2025-07-04T05:32:43.659Z"}
{"level":"error","message":"Registration error occured refreshToken.create is not a function","service":"identity-service","stack":"TypeError: refreshToken.create is not a function\n    at generateTokens (C:\\Node Microservices\\SOCIAL-MEDIA-MICROSERVICES\\identity-service\\src\\utils\\generateTokens.js:22:22)\n    at registerUser (C:\\Node Microservices\\SOCIAL-MEDIA-MICROSERVICES\\identity-service\\src\\controllers\\identity-controller.js:33:47)\n    at process.processTicksAndRejections (node:internal/process/task_queues:105:5)","timestamp":"2025-07-04T05:32:43.663Z"}
{"level":"info","message":"Identity service running on port: http://localhost:3001","service":"identity-service","timestamp":"2025-07-04T05:37:16.597Z"}
{"level":"info","message":"MongoDB Connected successfully","service":"identity-service","timestamp":"2025-07-04T05:37:19.438Z"}
{"level":"info","message":"Received POST request to /api/auth/register ","service":"identity-service","timestamp":"2025-07-04T05:37:41.641Z"}
{"level":"info","message":"Request body [object Object]","service":"identity-service","timestamp":"2025-07-04T05:37:41.642Z"}
{"level":"info","message":"Registration endpoint hit....","service":"identity-service","timestamp":"2025-07-04T05:37:41.652Z"}
{"buffer":{"data":[104,103,104,165,6,133,29,36,79,199,81,205],"type":"Buffer"},"level":"warn","message":"User saved successfully","service":"identity-service","timestamp":"2025-07-04T05:37:42.391Z"}
{"level":"info","message":"Identity service running on port: http://localhost:3001","service":"identity-service","timestamp":"2025-07-04T05:46:02.876Z"}
{"level":"info","message":"MongoDB Connected successfully","service":"identity-service","timestamp":"2025-07-04T05:46:05.775Z"}
{"level":"info","message":"Received POST request to /api/auth/register ","service":"identity-service","timestamp":"2025-07-04T06:24:30.125Z"}
{"level":"info","message":"Request body [object Object]","service":"identity-service","timestamp":"2025-07-04T06:24:30.127Z"}
{"level":"info","message":"Registration endpoint hit....","service":"identity-service","timestamp":"2025-07-04T06:24:30.142Z"}
{"0":"\"","1":"p","10":" ","11":"l","12":"e","13":"n","14":"g","15":"t","16":"h","17":" ","18":"m","19":"u","2":"a","20":"s","21":"t","22":" ","23":"b","24":"e","25":" ","26":"a","27":"t","28":" ","29":"l","3":"s","30":"e","31":"a","32":"s","33":"t","34":" ","35":"6","36":" ","37":"c","38":"h","39":"a","4":"s","40":"r","41":"a","42":"c","43":"t","44":"e","45":"r","46":"s","47":" ","48":"l","49":"o","5":"w","50":"n","51":"g","6":"o","7":"r","8":"d","9":"\"","level":"warn","message":"validation error","service":"identity-service","timestamp":"2025-07-04T06:24:30.159Z"}
{"level":"info","message":"Received POST request to /api/auth/register ","service":"identity-service","timestamp":"2025-07-04T06:24:38.240Z"}
{"level":"info","message":"Request body [object Object]","service":"identity-service","timestamp":"2025-07-04T06:24:38.240Z"}
{"level":"info","message":"Registration endpoint hit....","service":"identity-service","timestamp":"2025-07-04T06:24:38.243Z"}
{"0":"\"","1":"p","10":" ","11":"l","12":"e","13":"n","14":"g","15":"t","16":"h","17":" ","18":"m","19":"u","2":"a","20":"s","21":"t","22":" ","23":"b","24":"e","25":" ","26":"a","27":"t","28":" ","29":"l","3":"s","30":"e","31":"a","32":"s","33":"t","34":" ","35":"6","36":" ","37":"c","38":"h","39":"a","4":"s","40":"r","41":"a","42":"c","43":"t","44":"e","45":"r","46":"s","47":" ","48":"l","49":"o","5":"w","50":"n","51":"g","6":"o","7":"r","8":"d","9":"\"","level":"warn","message":"validation error","service":"identity-service","timestamp":"2025-07-04T06:24:38.246Z"}
{"level":"info","message":"Received POST request to /api/auth/register ","service":"identity-service","timestamp":"2025-07-04T06:24:44.059Z"}
{"level":"info","message":"Request body [object Object]","service":"identity-service","timestamp":"2025-07-04T06:24:44.059Z"}
{"level":"info","message":"Registration endpoint hit....","service":"identity-service","timestamp":"2025-07-04T06:24:44.062Z"}
{"0":"\"","1":"u","10":" ","11":"l","12":"e","13":"n","14":"g","15":"t","16":"h","17":" ","18":"m","19":"u","2":"s","20":"s","21":"t","22":" ","23":"b","24":"e","25":" ","26":"a","27":"t","28":" ","29":"l","3":"e","30":"e","31":"a","32":"s","33":"t","34":" ","35":"3","36":" ","37":"c","38":"h","39":"a","4":"r","40":"r","41":"a","42":"c","43":"t","44":"e","45":"r","46":"s","47":" ","48":"l","49":"o","5":"n","50":"n","51":"g","6":"a","7":"m","8":"e","9":"\"","level":"warn","message":"validation error","service":"identity-service","timestamp":"2025-07-04T06:24:44.065Z"}
{"level":"info","message":"Received POST request to /api/auth/register ","service":"identity-service","timestamp":"2025-07-04T06:25:06.990Z"}
{"level":"info","message":"Request body [object Object]","service":"identity-service","timestamp":"2025-07-04T06:25:06.991Z"}
{"level":"info","message":"Registration endpoint hit....","service":"identity-service","timestamp":"2025-07-04T06:25:06.994Z"}
{"buffer":{"data":[104,103,115,212,169,51,186,107,1,80,163,186],"type":"Buffer"},"level":"warn","message":"User saved successfully","service":"identity-service","timestamp":"2025-07-04T06:25:24.832Z"}
{"level":"info","message":"Identity service running on port: http://localhost:3001","service":"identity-service","timestamp":"2025-07-05T09:39:33.193Z"}
{"level":"info","message":"MongoDB Connected successfully","service":"identity-service","timestamp":"2025-07-05T09:39:34.297Z"}
{"level":"info","message":"Received POST request to /api/auth/register ","service":"identity-service","timestamp":"2025-07-05T09:39:38.367Z"}
{"level":"info","message":"Request body [object Object]","service":"identity-service","timestamp":"2025-07-05T09:39:38.368Z"}
{"level":"info","message":"Registration endpoint hit....","service":"identity-service","timestamp":"2025-07-05T09:39:38.379Z"}
{"buffer":{"data":[104,104,242,218,126,121,60,140,114,57,129,100],"type":"Buffer"},"level":"warn","message":"User saved successfully","service":"identity-service","timestamp":"2025-07-05T09:39:38.683Z"}
{"level":"info","message":"Received POST request to /api/auth/register ","service":"identity-service","timestamp":"2025-07-05T09:40:08.958Z"}
{"level":"info","message":"Request body [object Object]","service":"identity-service","timestamp":"2025-07-05T09:40:08.959Z"}
{"level":"info","message":"Registration endpoint hit....","service":"identity-service","timestamp":"2025-07-05T09:40:08.966Z"}
{"level":"warn","message":"User already exists please login","service":"identity-service","timestamp":"2025-07-05T09:40:09.035Z"}
{"level":"info","message":"Received POST request to /api/auth/register ","service":"identity-service","timestamp":"2025-07-05T09:40:36.896Z"}
{"level":"info","message":"Request body [object Object]","service":"identity-service","timestamp":"2025-07-05T09:40:36.896Z"}
{"level":"info","message":"Registration endpoint hit....","service":"identity-service","timestamp":"2025-07-05T09:40:36.902Z"}
{"buffer":{"data":[104,104,243,20,126,121,60,140,114,57,129,106],"type":"Buffer"},"level":"warn","message":"User saved successfully","service":"identity-service","timestamp":"2025-07-05T09:40:37.215Z"}
{"level":"info","message":"Identity service running on port: http://localhost:3001","service":"identity-service","timestamp":"2025-07-07T13:47:14.102Z"}
{"level":"info","message":"MongoDB Connected successfully","service":"identity-service","timestamp":"2025-07-07T13:47:15.028Z"}
{"level":"info","message":"Received POST request to /v1/auth/register ","service":"identity-service","timestamp":"2025-07-07T13:49:41.725Z"}
{"level":"info","message":"Request body [object Object]","service":"identity-service","timestamp":"2025-07-07T13:49:41.728Z"}
{"level":"info","message":"Received POST request to /v1/auth/register ","service":"identity-service","timestamp":"2025-07-07T13:50:15.826Z"}
{"level":"info","message":"Request body [object Object]","service":"identity-service","timestamp":"2025-07-07T13:50:15.827Z"}
{"level":"info","message":"Received POST request to /v1/auth/register ","service":"identity-service","timestamp":"2025-07-07T13:50:53.225Z"}
{"level":"info","message":"Request body [object Object]","service":"identity-service","timestamp":"2025-07-07T13:50:53.226Z"}
{"level":"info","message":"Received POST request to /v1/auth/register ","service":"identity-service","timestamp":"2025-07-07T13:51:08.590Z"}
{"level":"info","message":"Request body [object Object]","service":"identity-service","timestamp":"2025-07-07T13:51:08.591Z"}
{"level":"info","message":"Received POST request to /api/auth/register ","service":"identity-service","timestamp":"2025-07-07T13:51:34.312Z"}
{"level":"info","message":"Request body [object Object]","service":"identity-service","timestamp":"2025-07-07T13:51:34.312Z"}
{"level":"info","message":"Registration endpoint hit....","service":"identity-service","timestamp":"2025-07-07T13:51:34.319Z"}
{"level":"warn","message":"User already exists please login","service":"identity-service","timestamp":"2025-07-07T13:51:34.423Z"}
{"level":"info","message":"Received GET request to /api/auth/register ","service":"identity-service","timestamp":"2025-07-07T13:52:24.787Z"}
{"level":"info","message":"Request body [object Object]","service":"identity-service","timestamp":"2025-07-07T13:52:24.787Z"}
{"level":"info","message":"Received GET request to /api/auth/login ","service":"identity-service","timestamp":"2025-07-07T13:52:48.034Z"}
{"level":"info","message":"Request body [object Object]","service":"identity-service","timestamp":"2025-07-07T13:52:48.035Z"}
{"level":"info","message":"Received POST request to /api/auth/login ","service":"identity-service","timestamp":"2025-07-07T13:52:57.709Z"}
{"level":"info","message":"Request body [object Object]","service":"identity-service","timestamp":"2025-07-07T13:52:57.710Z"}
{"level":"info","message":"Login endpoint hit...","service":"identity-service","timestamp":"2025-07-07T13:52:57.711Z"}
{"level":"info","message":"Identity service running on port: http://localhost:3001","service":"identity-service","timestamp":"2025-07-07T14:00:32.349Z"}
{"level":"info","message":"MongoDB Connected successfully","service":"identity-service","timestamp":"2025-07-07T14:00:33.290Z"}
{"level":"info","message":"Identity service running on port: http://localhost:3001","service":"identity-service","timestamp":"2025-07-07T14:00:46.541Z"}
{"level":"info","message":"MongoDB Connected successfully","service":"identity-service","timestamp":"2025-07-07T14:00:47.419Z"}
{"level":"info","message":"Identity service running on port: http://localhost:3001","service":"identity-service","timestamp":"2025-07-07T14:00:48.867Z"}
{"level":"info","message":"MongoDB Connected successfully","service":"identity-service","timestamp":"2025-07-07T14:00:50.178Z"}
{"level":"info","message":"Identity service running on port: http://localhost:3001","service":"identity-service","timestamp":"2025-07-07T14:00:52.883Z"}
{"level":"info","message":"MongoDB Connected successfully","service":"identity-service","timestamp":"2025-07-07T14:00:53.633Z"}
{"level":"info","message":"Identity service running on port: http://localhost:3001","service":"identity-service","timestamp":"2025-07-07T14:04:04.085Z"}
{"level":"info","message":"MongoDB Connected successfully","service":"identity-service","timestamp":"2025-07-07T14:04:04.864Z"}
{"level":"info","message":"Identity service running on port: http://localhost:3001","service":"identity-service","timestamp":"2025-07-07T14:04:24.124Z"}
{"level":"info","message":"MongoDB Connected successfully","service":"identity-service","timestamp":"2025-07-07T14:04:24.818Z"}
{"level":"info","message":"Identity service running on port: http://localhost:3001","service":"identity-service","timestamp":"2025-07-07T14:04:29.668Z"}
{"level":"info","message":"MongoDB Connected successfully","service":"identity-service","timestamp":"2025-07-07T14:04:30.443Z"}
{"level":"info","message":"Identity service running on port: http://localhost:3001","service":"identity-service","timestamp":"2025-07-07T15:14:40.840Z"}
{"level":"info","message":"MongoDB Connected successfully","service":"identity-service","timestamp":"2025-07-07T15:14:41.977Z"}
{"level":"info","message":"Received POST request to /api/auth/refreshToken ","service":"identity-service","timestamp":"2025-07-07T15:14:52.410Z"}
{"level":"info","message":"Request body [object Object]","service":"identity-service","timestamp":"2025-07-07T15:14:52.411Z"}
{"level":"info","message":"Request token endpoint hit","service":"identity-service","timestamp":"2025-07-07T15:14:52.419Z"}
{"level":"info","message":"Received POST request to /api/auth/logout?con ","service":"identity-service","timestamp":"2025-07-07T15:16:02.205Z"}
{"level":"info","message":"Request body [object Object]","service":"identity-service","timestamp":"2025-07-07T15:16:02.206Z"}
{"level":"info","message":"Logout endpoint hit","service":"identity-service","timestamp":"2025-07-07T15:16:02.209Z"}
{"level":"info","message":"Refresh Token Deleted for logout","service":"identity-service","timestamp":"2025-07-07T15:16:02.271Z"}
{"level":"info","message":"Received POST request to /api/auth/logout?con ","service":"identity-service","timestamp":"2025-07-07T15:16:09.640Z"}
{"level":"info","message":"Request body [object Object]","service":"identity-service","timestamp":"2025-07-07T15:16:09.641Z"}
{"level":"info","message":"Logout endpoint hit","service":"identity-service","timestamp":"2025-07-07T15:16:09.642Z"}
{"level":"info","message":"Refresh Token Deleted for logout","service":"identity-service","timestamp":"2025-07-07T15:16:09.755Z"}
{"level":"info","message":"Received POST request to /api/auth/logout?con ","service":"identity-service","timestamp":"2025-07-07T15:16:15.531Z"}
{"level":"info","message":"Request body [object Object]","service":"identity-service","timestamp":"2025-07-07T15:16:15.533Z"}
{"level":"info","message":"Logout endpoint hit","service":"identity-service","timestamp":"2025-07-07T15:16:15.537Z"}
{"level":"info","message":"Refresh Token Deleted for logout","service":"identity-service","timestamp":"2025-07-07T15:16:15.599Z"}
{"level":"info","message":"Received POST request to /api/auth/logout?con ","service":"identity-service","timestamp":"2025-07-07T15:18:30.710Z"}
{"level":"info","message":"Request body [object Object]","service":"identity-service","timestamp":"2025-07-07T15:18:30.710Z"}
{"level":"info","message":"Logout endpoint hit","service":"identity-service","timestamp":"2025-07-07T15:18:30.712Z"}
{"level":"info","message":"Refresh Token Deleted for logout","service":"identity-service","timestamp":"2025-07-07T15:18:30.775Z"}
{"level":"info","message":"Received POST request to /api/auth/logout?con ","service":"identity-service","timestamp":"2025-07-07T15:18:35.888Z"}
{"level":"info","message":"Request body [object Object]","service":"identity-service","timestamp":"2025-07-07T15:18:35.889Z"}
{"level":"info","message":"Logout endpoint hit","service":"identity-service","timestamp":"2025-07-07T15:18:35.893Z"}
{"level":"info","message":"Refresh Token Deleted for logout","service":"identity-service","timestamp":"2025-07-07T15:18:35.985Z"}
{"level":"info","message":"Received POST request to /api/auth/register ","service":"identity-service","timestamp":"2025-07-07T15:19:12.068Z"}
{"level":"info","message":"Request body [object Object]","service":"identity-service","timestamp":"2025-07-07T15:19:12.069Z"}
{"level":"info","message":"Registration endpoint hit....","service":"identity-service","timestamp":"2025-07-07T15:19:12.075Z"}
{"buffer":{"data":[104,107,229,112,167,192,219,199,8,225,237,56],"type":"Buffer"},"level":"warn","message":"User saved successfully","service":"identity-service","timestamp":"2025-07-07T15:19:12.424Z"}
{"level":"info","message":"Received POST request to /api/auth/login ","service":"identity-service","timestamp":"2025-07-07T15:19:46.742Z"}
{"level":"info","message":"Request body [object Object]","service":"identity-service","timestamp":"2025-07-07T15:19:46.743Z"}
{"level":"info","message":"Login endpoint hit...","service":"identity-service","timestamp":"2025-07-07T15:19:46.745Z"}
{"level":"info","message":"Received POST request to /api/auth/refreshToken ","service":"identity-service","timestamp":"2025-07-07T15:20:19.843Z"}
{"level":"info","message":"Request body [object Object]","service":"identity-service","timestamp":"2025-07-07T15:20:19.844Z"}
{"level":"info","message":"Request token endpoint hit","service":"identity-service","timestamp":"2025-07-07T15:20:19.846Z"}
{"level":"info","message":"Received POST request to /api/auth/logout?con ","service":"identity-service","timestamp":"2025-07-07T15:20:40.424Z"}
{"level":"info","message":"Request body [object Object]","service":"identity-service","timestamp":"2025-07-07T15:20:40.425Z"}
{"level":"info","message":"Logout endpoint hit","service":"identity-service","timestamp":"2025-07-07T15:20:40.428Z"}
{"level":"info","message":"Refresh Token Deleted for logout","service":"identity-service","timestamp":"2025-07-07T15:20:40.508Z"}
{"level":"info","message":"Received POST request to /api/auth/logout?con ","service":"identity-service","timestamp":"2025-07-07T15:20:44.528Z"}
{"level":"info","message":"Request body [object Object]","service":"identity-service","timestamp":"2025-07-07T15:20:44.529Z"}
{"level":"info","message":"Logout endpoint hit","service":"identity-service","timestamp":"2025-07-07T15:20:44.530Z"}
{"level":"info","message":"Refresh Token Deleted for logout","service":"identity-service","timestamp":"2025-07-07T15:20:44.598Z"}
{"level":"info","message":"Received POST request to /api/auth/logout?con ","service":"identity-service","timestamp":"2025-07-07T15:20:51.724Z"}
{"level":"info","message":"Request body [object Object]","service":"identity-service","timestamp":"2025-07-07T15:20:51.724Z"}
{"level":"info","message":"Logout endpoint hit","service":"identity-service","timestamp":"2025-07-07T15:20:51.725Z"}
{"level":"info","message":"Refresh Token Deleted for logout","service":"identity-service","timestamp":"2025-07-07T15:20:51.807Z"}
{"level":"info","message":"Identity service running on port: http://localhost:3001","service":"identity-service","timestamp":"2025-07-07T15:24:36.826Z"}
{"level":"info","message":"MongoDB Connected successfully","service":"identity-service","timestamp":"2025-07-07T15:24:37.754Z"}
{"level":"info","message":"Received POST request to /api/auth/logout?con ","service":"identity-service","timestamp":"2025-07-07T15:25:09.345Z"}
{"level":"info","message":"Request body [object Object]","service":"identity-service","timestamp":"2025-07-07T15:25:09.346Z"}
{"level":"info","message":"Logout endpoint hit","service":"identity-service","timestamp":"2025-07-07T15:25:09.354Z"}
{"level":"warn","message":"Invalid or expired refresh token ","service":"identity-service","timestamp":"2025-07-07T15:25:09.440Z"}
{"level":"info","message":"Identity service running on port: http://localhost:3001","service":"identity-service","timestamp":"2025-07-10T06:23:47.746Z"}
{"level":"info","message":"MongoDB Connected successfully","service":"identity-service","timestamp":"2025-07-10T06:23:50.035Z"}
{"level":"info","message":"Received POST request to /api/auth/login ","service":"identity-service","timestamp":"2025-07-10T06:23:54.719Z"}
{"level":"info","message":"Request body [object Object]","service":"identity-service","timestamp":"2025-07-10T06:23:54.720Z"}
{"level":"info","message":"Login endpoint hit...","service":"identity-service","timestamp":"2025-07-10T06:23:54.727Z"}
{"level":"info","message":"Received POST request to /api/auth/login ","service":"identity-service","timestamp":"2025-07-10T06:35:47.765Z"}
{"level":"info","message":"Request body [object Object]","service":"identity-service","timestamp":"2025-07-10T06:35:47.766Z"}
{"level":"info","message":"Login endpoint hit...","service":"identity-service","timestamp":"2025-07-10T06:35:47.769Z"}
{"level":"info","message":"Received POST request to /api/auth/login ","service":"identity-service","timestamp":"2025-07-10T06:43:50.830Z"}
{"level":"info","message":"Request body [object Object]","service":"identity-service","timestamp":"2025-07-10T06:43:50.832Z"}
{"level":"info","message":"Login endpoint hit...","service":"identity-service","timestamp":"2025-07-10T06:43:50.834Z"}
{"level":"info","message":"Received POST request to /api/auth/login ","service":"identity-service","timestamp":"2025-07-10T06:50:17.079Z"}
{"level":"info","message":"Request body [object Object]","service":"identity-service","timestamp":"2025-07-10T06:50:17.080Z"}
{"level":"info","message":"Login endpoint hit...","service":"identity-service","timestamp":"2025-07-10T06:50:17.082Z"}
{"level":"info","message":"Received POST request to /api/auth/login ","service":"identity-service","timestamp":"2025-07-10T07:00:22.022Z"}
{"level":"info","message":"Request body [object Object]","service":"identity-service","timestamp":"2025-07-10T07:00:22.022Z"}
{"level":"info","message":"Login endpoint hit...","service":"identity-service","timestamp":"2025-07-10T07:00:22.024Z"}
{"level":"info","message":"Received POST request to /api/auth/login ","service":"identity-service","timestamp":"2025-07-10T07:00:57.348Z"}
{"level":"info","message":"Request body [object Object]","service":"identity-service","timestamp":"2025-07-10T07:00:57.348Z"}
{"level":"info","message":"Login endpoint hit...","service":"identity-service","timestamp":"2025-07-10T07:00:57.350Z"}
{"level":"info","message":"Received POST request to /api/auth/login ","service":"identity-service","timestamp":"2025-07-10T07:04:02.956Z"}
{"level":"info","message":"Request body [object Object]","service":"identity-service","timestamp":"2025-07-10T07:04:02.957Z"}
{"level":"info","message":"Login endpoint hit...","service":"identity-service","timestamp":"2025-07-10T07:04:02.959Z"}
{"level":"info","message":"Received POST request to /api/auth/login ","service":"identity-service","timestamp":"2025-07-10T07:07:31.803Z"}
{"level":"info","message":"Request body [object Object]","service":"identity-service","timestamp":"2025-07-10T07:07:31.804Z"}
{"level":"info","message":"Login endpoint hit...","service":"identity-service","timestamp":"2025-07-10T07:07:31.806Z"}
{"level":"info","message":"Received POST request to /api/auth/login ","service":"identity-service","timestamp":"2025-07-10T07:13:18.769Z"}
{"level":"info","message":"Request body [object Object]","service":"identity-service","timestamp":"2025-07-10T07:13:18.770Z"}
{"level":"info","message":"Login endpoint hit...","service":"identity-service","timestamp":"2025-07-10T07:13:18.773Z"}
{"level":"info","message":"Identity service running on port: http://localhost:3001","service":"identity-service","timestamp":"2025-07-10T10:51:58.670Z"}
{"level":"info","message":"MongoDB Connected successfully","service":"identity-service","timestamp":"2025-07-10T10:52:00.785Z"}
{"level":"info","message":"Received POST request to /api/auth/login ","service":"identity-service","timestamp":"2025-07-10T10:53:19.622Z"}
{"level":"info","message":"Request body [object Object]","service":"identity-service","timestamp":"2025-07-10T10:53:19.623Z"}
{"level":"info","message":"Login endpoint hit...","service":"identity-service","timestamp":"2025-07-10T10:53:19.626Z"}
{"level":"info","message":"Received POST request to /api/auth/login ","service":"identity-service","timestamp":"2025-07-10T10:54:45.086Z"}
{"level":"info","message":"Request body [object Object]","service":"identity-service","timestamp":"2025-07-10T10:54:45.086Z"}
{"level":"info","message":"Login endpoint hit...","service":"identity-service","timestamp":"2025-07-10T10:54:45.087Z"}
{"level":"warn","message":"Inavalid password","service":"identity-service","timestamp":"2025-07-10T10:54:45.252Z"}
{"level":"info","message":"Received POST request to /api/auth/login ","service":"identity-service","timestamp":"2025-07-10T10:54:59.784Z"}
{"level":"info","message":"Request body [object Object]","service":"identity-service","timestamp":"2025-07-10T10:54:59.784Z"}
{"level":"info","message":"Login endpoint hit...","service":"identity-service","timestamp":"2025-07-10T10:54:59.785Z"}
{"level":"warn","message":"Inavalid user","service":"identity-service","timestamp":"2025-07-10T10:54:59.854Z"}
{"level":"info","message":"Received POST request to /api/auth/register ","service":"identity-service","timestamp":"2025-07-10T10:55:19.424Z"}
{"level":"info","message":"Request body [object Object]","service":"identity-service","timestamp":"2025-07-10T10:55:19.425Z"}
{"level":"info","message":"Registration endpoint hit....","service":"identity-service","timestamp":"2025-07-10T10:55:19.428Z"}
{"level":"warn","message":"User already exists please login","service":"identity-service","timestamp":"2025-07-10T10:55:19.502Z"}
{"level":"info","message":"Received POST request to /api/auth/register ","service":"identity-service","timestamp":"2025-07-10T10:55:29.005Z"}
{"level":"info","message":"Request body [object Object]","service":"identity-service","timestamp":"2025-07-10T10:55:29.005Z"}
{"level":"info","message":"Registration endpoint hit....","service":"identity-service","timestamp":"2025-07-10T10:55:29.007Z"}
{"level":"warn","message":"User already exists please login","service":"identity-service","timestamp":"2025-07-10T10:55:29.073Z"}
{"level":"info","message":"Received POST request to /api/auth/register ","service":"identity-service","timestamp":"2025-07-10T10:55:36.441Z"}
{"level":"info","message":"Request body [object Object]","service":"identity-service","timestamp":"2025-07-10T10:55:36.442Z"}
{"level":"info","message":"Registration endpoint hit....","service":"identity-service","timestamp":"2025-07-10T10:55:36.443Z"}
{"level":"warn","message":"User already exists please login","service":"identity-service","timestamp":"2025-07-10T10:55:36.510Z"}
{"level":"info","message":"Received POST request to /api/auth/register ","service":"identity-service","timestamp":"2025-07-10T10:55:46.137Z"}
{"level":"info","message":"Request body [object Object]","service":"identity-service","timestamp":"2025-07-10T10:55:46.138Z"}
{"level":"info","message":"Registration endpoint hit....","service":"identity-service","timestamp":"2025-07-10T10:55:46.139Z"}
{"level":"warn","message":"User already exists please login","service":"identity-service","timestamp":"2025-07-10T10:55:46.197Z"}
{"level":"info","message":"Received POST request to /api/auth/register ","service":"identity-service","timestamp":"2025-07-10T10:55:52.920Z"}
{"level":"info","message":"Request body [object Object]","service":"identity-service","timestamp":"2025-07-10T10:55:52.920Z"}
{"level":"info","message":"Registration endpoint hit....","service":"identity-service","timestamp":"2025-07-10T10:55:52.921Z"}
{"level":"warn","message":"User already exists please login","service":"identity-service","timestamp":"2025-07-10T10:55:52.976Z"}
{"level":"info","message":"Received POST request to /api/auth/register ","service":"identity-service","timestamp":"2025-07-10T10:56:03.701Z"}
{"level":"info","message":"Request body [object Object]","service":"identity-service","timestamp":"2025-07-10T10:56:03.702Z"}
{"level":"info","message":"Registration endpoint hit....","service":"identity-service","timestamp":"2025-07-10T10:56:03.703Z"}
{"buffer":{"data":[104,111,156,67,44,91,150,204,91,109,187,188],"type":"Buffer"},"level":"warn","message":"User saved successfully","service":"identity-service","timestamp":"2025-07-10T10:56:03.936Z"}
{"level":"info","message":"Received POST request to /api/auth/login ","service":"identity-service","timestamp":"2025-07-10T10:56:36.719Z"}
{"level":"info","message":"Request body [object Object]","service":"identity-service","timestamp":"2025-07-10T10:56:36.720Z"}
{"level":"info","message":"Login endpoint hit...","service":"identity-service","timestamp":"2025-07-10T10:56:36.720Z"}
{"level":"info","message":"Received POST request to /api/auth/login ","service":"identity-service","timestamp":"2025-07-10T10:58:33.861Z"}
{"level":"info","message":"Request body [object Object]","service":"identity-service","timestamp":"2025-07-10T10:58:33.862Z"}
{"level":"info","message":"Login endpoint hit...","service":"identity-service","timestamp":"2025-07-10T10:58:33.862Z"}
{"level":"info","message":"Received POST request to /api/auth/login ","service":"identity-service","timestamp":"2025-07-10T11:08:56.959Z"}
{"level":"info","message":"Request body [object Object]","service":"identity-service","timestamp":"2025-07-10T11:08:56.960Z"}
{"level":"info","message":"Login endpoint hit...","service":"identity-service","timestamp":"2025-07-10T11:08:56.960Z"}
{"level":"info","message":"Received POST request to /api/auth/login ","service":"identity-service","timestamp":"2025-07-10T11:23:12.346Z"}
{"level":"info","message":"Request body [object Object]","service":"identity-service","timestamp":"2025-07-10T11:23:12.351Z"}
{"level":"info","message":"Login endpoint hit...","service":"identity-service","timestamp":"2025-07-10T11:23:12.364Z"}
{"level":"info","message":"Identity service running on port: http://localhost:3001","service":"identity-service","timestamp":"2025-07-11T05:48:58.724Z"}
{"level":"info","message":"MongoDB Connected successfully","service":"identity-service","timestamp":"2025-07-11T05:48:59.737Z"}
{"level":"info","message":"Received POST request to /api/auth/login ","service":"identity-service","timestamp":"2025-07-11T05:49:13.083Z"}
{"level":"info","message":"Request body [object Object]","service":"identity-service","timestamp":"2025-07-11T05:49:13.085Z"}
{"level":"info","message":"Login endpoint hit...","service":"identity-service","timestamp":"2025-07-11T05:49:13.135Z"}
{"level":"info","message":"Received POST request to /api/auth/login ","service":"identity-service","timestamp":"2025-07-11T06:12:21.812Z"}
{"level":"info","message":"Request body [object Object]","service":"identity-service","timestamp":"2025-07-11T06:12:21.833Z"}
{"level":"info","message":"Login endpoint hit...","service":"identity-service","timestamp":"2025-07-11T06:12:21.850Z"}
{"level":"info","message":"Received POST request to /api/auth/login ","service":"identity-service","timestamp":"2025-07-11T06:28:13.208Z"}
{"level":"info","message":"Request body [object Object]","service":"identity-service","timestamp":"2025-07-11T06:28:13.230Z"}
{"level":"info","message":"Login endpoint hit...","service":"identity-service","timestamp":"2025-07-11T06:28:13.244Z"}
{"level":"info","message":"Received POST request to /api/auth/login ","service":"identity-service","timestamp":"2025-07-11T06:31:52.963Z"}
{"level":"info","message":"Request body [object Object]","service":"identity-service","timestamp":"2025-07-11T06:31:52.974Z"}
{"level":"info","message":"Login endpoint hit...","service":"identity-service","timestamp":"2025-07-11T06:31:52.985Z"}
{"level":"info","message":"Received POST request to /api/auth/login ","service":"identity-service","timestamp":"2025-07-11T06:36:08.616Z"}
{"level":"info","message":"Request body [object Object]","service":"identity-service","timestamp":"2025-07-11T06:36:08.630Z"}
{"level":"info","message":"Login endpoint hit...","service":"identity-service","timestamp":"2025-07-11T06:36:08.653Z"}
{"level":"info","message":"Received POST request to /api/auth/login ","service":"identity-service","timestamp":"2025-07-11T06:59:04.437Z"}
{"level":"info","message":"Request body [object Object]","service":"identity-service","timestamp":"2025-07-11T06:59:04.444Z"}
{"level":"info","message":"Login endpoint hit...","service":"identity-service","timestamp":"2025-07-11T06:59:04.478Z"}
{"level":"info","message":"Received POST request to /api/auth/login ","service":"identity-service","timestamp":"2025-07-11T07:05:34.661Z"}
{"level":"info","message":"Request body [object Object]","service":"identity-service","timestamp":"2025-07-11T07:05:34.679Z"}
{"level":"info","message":"Login endpoint hit...","service":"identity-service","timestamp":"2025-07-11T07:05:34.705Z"}
{"level":"info","message":"Received POST request to /api/auth/login ","service":"identity-service","timestamp":"2025-07-11T07:09:25.650Z"}
{"level":"info","message":"Request body [object Object]","service":"identity-service","timestamp":"2025-07-11T07:09:25.664Z"}
{"level":"info","message":"Login endpoint hit...","service":"identity-service","timestamp":"2025-07-11T07:09:25.679Z"}
{"level":"info","message":"Identity service running on port: http://localhost:3001","service":"identity-service","timestamp":"2025-07-11T10:58:42.916Z"}
{"level":"info","message":"MongoDB Connected successfully","service":"identity-service","timestamp":"2025-07-11T10:58:43.692Z"}
{"level":"info","message":"Received POST request to /api/auth/login ","service":"identity-service","timestamp":"2025-07-11T10:59:13.383Z"}
{"level":"info","message":"Request body [object Object]","service":"identity-service","timestamp":"2025-07-11T10:59:13.384Z"}
{"level":"info","message":"Login endpoint hit...","service":"identity-service","timestamp":"2025-07-11T10:59:13.389Z"}
{"level":"info","message":"Received POST request to /api/auth/login ","service":"identity-service","timestamp":"2025-07-11T10:59:27.452Z"}
{"level":"info","message":"Request body [object Object]","service":"identity-service","timestamp":"2025-07-11T10:59:27.452Z"}
{"level":"info","message":"Login endpoint hit...","service":"identity-service","timestamp":"2025-07-11T10:59:27.454Z"}
{"level":"info","message":"Identity service running on port: http://localhost:3001","service":"identity-service","timestamp":"2025-07-17T07:07:48.376Z"}
{"level":"info","message":"MongoDB Connected successfully","service":"identity-service","timestamp":"2025-07-17T07:07:49.471Z"}
{"level":"info","message":"Received GET request to /api/auth/register ","service":"identity-service","timestamp":"2025-07-17T07:08:51.477Z"}
{"level":"info","message":"Request body [object Object]","service":"identity-service","timestamp":"2025-07-17T07:08:51.478Z"}
{"level":"info","message":"Received POST request to /api/auth/register ","service":"identity-service","timestamp":"2025-07-17T07:10:29.631Z"}
{"level":"info","message":"Request body [object Object]","service":"identity-service","timestamp":"2025-07-17T07:10:29.632Z"}
{"level":"info","message":"Registration endpoint hit....","service":"identity-service","timestamp":"2025-07-17T07:10:29.634Z"}
{"buffer":{"data":[104,120,161,229,178,241,140,138,147,207,5,122],"type":"Buffer"},"level":"warn","message":"User saved successfully","service":"identity-service","timestamp":"2025-07-17T07:10:30.036Z"}
{"level":"info","message":"Received GET request to /api/auth/login ","service":"identity-service","timestamp":"2025-07-17T07:11:38.375Z"}
{"level":"info","message":"Request body [object Object]","service":"identity-service","timestamp":"2025-07-17T07:11:38.376Z"}
{"level":"info","message":"Received POST request to /api/auth/login ","service":"identity-service","timestamp":"2025-07-17T07:11:49.687Z"}
{"level":"info","message":"Request body [object Object]","service":"identity-service","timestamp":"2025-07-17T07:11:49.688Z"}
{"level":"info","message":"Login endpoint hit...","service":"identity-service","timestamp":"2025-07-17T07:11:49.689Z"}
{"level":"info","message":"Identity service running on port: http://localhost:3001","service":"identity-service","timestamp":"2025-07-17T07:17:14.758Z"}
{"level":"info","message":"MongoDB Connected successfully","service":"identity-service","timestamp":"2025-07-17T07:17:15.995Z"}
{"level":"info","message":"Received POST request to /api/auth/login ","service":"identity-service","timestamp":"2025-07-17T07:18:56.677Z"}
{"level":"info","message":"Request body [object Object]","service":"identity-service","timestamp":"2025-07-17T07:18:56.678Z"}
{"level":"info","message":"Login endpoint hit...","service":"identity-service","timestamp":"2025-07-17T07:18:56.683Z"}
{"level":"info","message":"Received POST request to /api/auth/login ","service":"identity-service","timestamp":"2025-07-17T07:38:28.977Z"}
{"level":"info","message":"Request body [object Object]","service":"identity-service","timestamp":"2025-07-17T07:38:28.977Z"}
{"level":"info","message":"Login endpoint hit...","service":"identity-service","timestamp":"2025-07-17T07:38:28.978Z"}
{"level":"info","message":"Identity service running on port: http://localhost:3001","service":"identity-service","timestamp":"2025-07-17T07:41:14.107Z"}
{"level":"info","message":"MongoDB Connected successfully","service":"identity-service","timestamp":"2025-07-17T07:41:15.108Z"}
{"level":"info","message":"Received POST request to /api/auth/login ","service":"identity-service","timestamp":"2025-07-17T07:49:40.619Z"}
{"level":"info","message":"Request body [object Object]","service":"identity-service","timestamp":"2025-07-17T07:49:40.620Z"}
{"level":"info","message":"Login endpoint hit...","service":"identity-service","timestamp":"2025-07-17T07:49:40.623Z"}
{"level":"info","message":"Received POST request to /api/auth/login ","service":"identity-service","timestamp":"2025-07-17T07:54:28.182Z"}
{"level":"info","message":"Request body [object Object]","service":"identity-service","timestamp":"2025-07-17T07:54:28.183Z"}
{"level":"info","message":"Login endpoint hit...","service":"identity-service","timestamp":"2025-07-17T07:54:28.184Z"}
{"level":"info","message":"Identity service running on port: http://localhost:3001","service":"identity-service","timestamp":"2025-07-20T05:43:05.121Z"}
{"level":"info","message":"MongoDB Connected successfully","service":"identity-service","timestamp":"2025-07-20T05:43:06.167Z"}
{"level":"info","message":"Received GET request to /api/auth/login ","service":"identity-service","timestamp":"2025-07-20T05:44:39.625Z"}
{"level":"info","message":"Request body [object Object]","service":"identity-service","timestamp":"2025-07-20T05:44:39.625Z"}
{"level":"info","message":"Received POST request to /api/auth/login ","service":"identity-service","timestamp":"2025-07-20T05:44:50.473Z"}
{"level":"info","message":"Request body [object Object]","service":"identity-service","timestamp":"2025-07-20T05:44:50.474Z"}
{"level":"info","message":"Login endpoint hit...","service":"identity-service","timestamp":"2025-07-20T05:44:50.475Z"}
{"level":"info","message":"Received POST request to /api/auth/login ","service":"identity-service","timestamp":"2025-07-20T05:48:59.975Z"}
{"level":"info","message":"Request body [object Object]","service":"identity-service","timestamp":"2025-07-20T05:48:59.975Z"}
{"level":"info","message":"Login endpoint hit...","service":"identity-service","timestamp":"2025-07-20T05:48:59.977Z"}
{"level":"info","message":"Received POST request to /api/auth/login ","service":"identity-service","timestamp":"2025-07-20T06:08:09.044Z"}
{"level":"info","message":"Request body [object Object]","service":"identity-service","timestamp":"2025-07-20T06:08:09.044Z"}
{"level":"info","message":"Login endpoint hit...","service":"identity-service","timestamp":"2025-07-20T06:08:09.045Z"}
{"level":"info","message":"Received POST request to /api/auth/login ","service":"identity-service","timestamp":"2025-07-20T06:14:16.166Z"}
{"level":"info","message":"Request body [object Object]","service":"identity-service","timestamp":"2025-07-20T06:14:16.166Z"}
{"level":"info","message":"Login endpoint hit...","service":"identity-service","timestamp":"2025-07-20T06:14:16.171Z"}
{"level":"info","message":"Received POST request to /api/auth/login ","service":"identity-service","timestamp":"2025-07-20T08:03:43.781Z"}
{"level":"info","message":"Request body [object Object]","service":"identity-service","timestamp":"2025-07-20T08:03:43.784Z"}
{"level":"info","message":"Login endpoint hit...","service":"identity-service","timestamp":"2025-07-20T08:03:43.787Z"}
{"level":"info","message":"Identity service running on port: http://localhost:3001","service":"identity-service","timestamp":"2025-07-20T08:08:44.262Z"}
{"level":"info","message":"MongoDB Connected successfully","service":"identity-service","timestamp":"2025-07-20T08:08:45.048Z"}
{"level":"info","message":"Received POST request to /api/auth/login ","service":"identity-service","timestamp":"2025-07-20T08:09:01.650Z"}
{"level":"info","message":"Request body [object Object]","service":"identity-service","timestamp":"2025-07-20T08:09:01.651Z"}
{"level":"info","message":"Login endpoint hit...","service":"identity-service","timestamp":"2025-07-20T08:09:01.654Z"}
{"level":"info","message":"Identity service running on port: http://localhost:3001","service":"identity-service","timestamp":"2025-07-20T08:14:13.426Z"}
{"level":"info","message":"MongoDB Connected successfully","service":"identity-service","timestamp":"2025-07-20T08:14:14.214Z"}
{"level":"info","message":"Identity service running on port: http://localhost:3001","service":"identity-service","timestamp":"2025-07-22T05:44:44.647Z"}
{"level":"info","message":"MongoDB Connected successfully","service":"identity-service","timestamp":"2025-07-22T05:44:45.560Z"}
{"level":"info","message":"Received POST request to /api/auth/login ","service":"identity-service","timestamp":"2025-07-22T05:48:58.100Z"}
{"level":"info","message":"Request body [object Object]","service":"identity-service","timestamp":"2025-07-22T05:48:58.101Z"}
{"level":"info","message":"Login endpoint hit...","service":"identity-service","timestamp":"2025-07-22T05:48:58.107Z"}
{"level":"warn","message":"Inavalid user","service":"identity-service","timestamp":"2025-07-22T05:48:58.190Z"}
{"level":"info","message":"Received POST request to /api/auth/register ","service":"identity-service","timestamp":"2025-07-22T05:49:11.503Z"}
{"level":"info","message":"Request body [object Object]","service":"identity-service","timestamp":"2025-07-22T05:49:11.504Z"}
{"level":"info","message":"Registration endpoint hit....","service":"identity-service","timestamp":"2025-07-22T05:49:11.513Z"}
{"buffer":{"data":[104,127,38,87,236,232,20,80,223,36,91,100],"type":"Buffer"},"level":"warn","message":"User saved successfully","service":"identity-service","timestamp":"2025-07-22T05:49:11.894Z"}
{"level":"info","message":"Received POST request to /api/auth/login ","service":"identity-service","timestamp":"2025-07-22T05:49:28.764Z"}
{"level":"info","message":"Request body [object Object]","service":"identity-service","timestamp":"2025-07-22T05:49:28.765Z"}
{"level":"info","message":"Login endpoint hit...","service":"identity-service","timestamp":"2025-07-22T05:49:28.769Z"}
{"level":"info","message":"Received POST request to /api/auth/login ","service":"identity-service","timestamp":"2025-07-22T05:53:18.167Z"}
{"level":"info","message":"Request body [object Object]","service":"identity-service","timestamp":"2025-07-22T05:53:18.168Z"}
{"level":"info","message":"Login endpoint hit...","service":"identity-service","timestamp":"2025-07-22T05:53:18.170Z"}
{"level":"info","message":"Received POST request to /api/auth/login ","service":"identity-service","timestamp":"2025-07-22T06:13:17.995Z"}
{"level":"info","message":"Request body [object Object]","service":"identity-service","timestamp":"2025-07-22T06:13:17.996Z"}
{"level":"info","message":"Login endpoint hit...","service":"identity-service","timestamp":"2025-07-22T06:13:17.998Z"}
{"level":"info","message":"Received POST request to /api/auth/login ","service":"identity-service","timestamp":"2025-07-22T06:56:23.850Z"}
{"level":"info","message":"Request body [object Object]","service":"identity-service","timestamp":"2025-07-22T06:56:23.853Z"}
{"level":"info","message":"Login endpoint hit...","service":"identity-service","timestamp":"2025-07-22T06:56:23.856Z"}
{"level":"info","message":"Received POST request to /api/auth/login ","service":"identity-service","timestamp":"2025-07-22T06:57:11.966Z"}
{"level":"info","message":"Request body [object Object]","service":"identity-service","timestamp":"2025-07-22T06:57:11.966Z"}
{"level":"info","message":"Login endpoint hit...","service":"identity-service","timestamp":"2025-07-22T06:57:11.968Z"}
{"level":"info","message":"Received POST request to /api/auth/login ","service":"identity-service","timestamp":"2025-07-22T07:01:13.325Z"}
{"level":"info","message":"Request body [object Object]","service":"identity-service","timestamp":"2025-07-22T07:01:13.326Z"}
{"level":"info","message":"Login endpoint hit...","service":"identity-service","timestamp":"2025-07-22T07:01:13.327Z"}
{"level":"info","message":"Received POST request to /api/auth/login ","service":"identity-service","timestamp":"2025-07-22T07:03:31.109Z"}
{"level":"info","message":"Request body [object Object]","service":"identity-service","timestamp":"2025-07-22T07:03:31.110Z"}
{"level":"info","message":"Login endpoint hit...","service":"identity-service","timestamp":"2025-07-22T07:03:31.112Z"}
{"level":"info","message":"Received POST request to /api/auth/login ","service":"identity-service","timestamp":"2025-07-22T07:22:34.425Z"}
{"level":"info","message":"Request body [object Object]","service":"identity-service","timestamp":"2025-07-22T07:22:34.425Z"}
{"level":"info","message":"Login endpoint hit...","service":"identity-service","timestamp":"2025-07-22T07:22:34.426Z"}
{"level":"info","message":"Received POST request to /api/auth/login ","service":"identity-service","timestamp":"2025-07-22T07:24:11.805Z"}
{"level":"info","message":"Request body [object Object]","service":"identity-service","timestamp":"2025-07-22T07:24:11.805Z"}
{"level":"info","message":"Login endpoint hit...","service":"identity-service","timestamp":"2025-07-22T07:24:11.806Z"}
{"level":"info","message":"Identity service running on port: http://localhost:3001","service":"identity-service","timestamp":"2025-07-22T07:33:25.715Z"}
{"level":"info","message":"MongoDB Connected successfully","service":"identity-service","timestamp":"2025-07-22T07:33:26.402Z"}
